GeneSymbol(108697441): XB22166507.L [provisonal] ->  XB22166507.L
GeneSymbol(108697441): XB22166507.L [provisonal] ->  XB22166507.L
GeneSymbol(108697441): XB22166507.L [provisonal] ->  XB22166507.L
GeneSymbol(108697441): XB22166507.L [provisonal] ->  XB22166507.L
GeneSymbol(108697441): XB22166507.L [provisonal] ->  XB22166507.L
GeneSymbol(108697441): XB22166507.L [provisonal] ->  XB22166507.L
GeneSymbol(108697441): XB22166507.L [provisonal] ->  XB22166507.L
GeneSymbol(108697441): XB22166507.L [provisonal] ->  XB22166507.L
GeneSymbol(108697441): XB22166507.L [provisonal] ->  XB22166507.L
GeneSymbol(108697441): XB22166507.L [provisonal] ->  XB22166507.L
GeneSymbol(108697441): XB22166507.L [provisonal] ->  XB22166507.L
GeneSymbol(108697441): XB22166507.L [provisonal] ->  XB22166507.L
GeneSymbol(108697441): XB22166507.L [provisonal] ->  XB22166507.L
GeneSymbol(108697441): XB22166507.L [provisonal] ->  XB22166507.L
GeneSymbol(108697441): XB22166507.L [provisonal] ->  XB22166507.L
GeneSymbol(108697441): XB22166507.L [provisonal] ->  XB22166507.L
GeneSymbol(108697441): XB22166507.L [provisonal] ->  XB22166507.L
GeneSymbol(108697441): XB22166507.L [provisonal] ->  XB22166507.L
GeneSymbol(108697441): XB22166507.L [provisonal] ->  XB22166507.L
GeneSymbol(108697441): XB22166507.L [provisonal] ->  XB22166507.L
GeneSymbol(108697441): XB22166507.L [provisonal] ->  XB22166507.L
GeneSymbol(108697441): XB22166507.L [provisonal] ->  XB22166507.L
GeneSymbol(108697441): XB22166507.L [provisonal] ->  XB22166507.L
GeneSymbol(108697441): XB22166507.L [provisonal] ->  XB22166507.L
GeneSymbol(108697441): XB22166507.L [provisonal] ->  XB22166507.L
GeneSymbol(108697441): XB22166507.L [provisonal] ->  XB22166507.L
GeneSymbol(108697441): XB22166507.L [provisonal] ->  XB22166507.L
GeneSymbol(108697441): XB22166507.L [provisonal] ->  XB22166507.L
GeneSymbol(108697441): XB22166507.L [provisonal] ->  XB22166507.L
GeneSymbol(108697441): XB22166507.L [provisonal] ->  XB22166507.L
GeneSymbol(108697441): XB22166507.L [provisonal] ->  XB22166507.L
GeneSymbol(108697441): XB22166507.L [provisonal] ->  XB22166507.L
GeneSymbol(108697441): XB22166507.L [provisonal] ->  XB22166507.L
GeneSymbol(108697441): XB22166507.L [provisonal] ->  XB22166507.L
GeneSymbol(108697441): XB22166507.L [provisonal] ->  XB22166507.L
GeneSymbol(108697441): XB22166507.L [provisonal] ->  XB22166507.L
GeneSymbol(108697441): XB22166507.L [provisonal] ->  XB22166507.L
GeneSymbol(108697441): XB22166507.L [provisonal] ->  XB22166507.L
GeneSymbol(108697441): XB22166507.L [provisonal] ->  XB22166507.L
GeneSymbol(108697441): XB22166507.L [provisonal] ->  XB22166507.L
GeneSymbol(108697441): XB22166507.L [provisonal] ->  XB22166507.L
GeneSymbol(108697441): XB22166507.L [provisonal] ->  XB22166507.L
GeneSymbol(108697441): XB22166507.L [provisonal] ->  XB22166507.L
GeneSymbol(108697441): XB22166507.L [provisonal] ->  XB22166507.L
GeneSymbol(108697441): XB22166507.L [provisonal] ->  XB22166507.L
GeneSymbol(108697441): XB22166507.L [provisonal] ->  XB22166507.L
GeneSymbol(108697441): XB22166507.L [provisonal] ->  XB22166507.L
GeneSymbol(108697441): XB22166507.L [provisonal] ->  XB22166507.L
GeneSymbol(108697441): XB22166507.L [provisonal] ->  XB22166507.L
GeneSymbol(108697441): XB22166507.L [provisonal] ->  XB22166507.L
GeneSymbol(108697441): XB22166507.L [provisonal] ->  XB22166507.L
GeneSymbol(108697441): XB22166507.L [provisonal] ->  XB22166507.L
GeneSymbol(108697441): XB22166507.L [provisonal] ->  XB22166507.L
GeneSymbol(108697441): XB22166507.L [provisonal] ->  XB22166507.L
GeneSymbol(108697441): XB22166507.L [provisonal] ->  XB22166507.L
GeneSymbol(108697441): XB22166507.L [provisonal] ->  XB22166507.L
GeneSymbol(108697441): XB22166507.L [provisonal] ->  XB22166507.L
GeneSymbol(108697441): XB22166507.L [provisonal] ->  XB22166507.L
GeneSymbol(397956): XFG 5-1 ->  znf568.L
GeneSymbol(397956): XFG 5-1 ->  znf568.L
GeneSymbol(397956): XFG 5-1 ->  znf568.L
GeneSymbol(397956): XFG 5-1 ->  znf568.L
GeneSymbol(108696287): homeobox100496651-provisional.L ->  homeobox100496651.L
GeneSymbol(108696287): homeobox100496651-provisional.L ->  homeobox100496651.L
GeneSymbol(108696287): homeobox100496651-provisional.L ->  homeobox100496651.L
GeneSymbol(108696494): myb100496870.2provisional.L ->  myb100496870.2.L
GeneSymbol(108696494): myb100496870.2provisional.L ->  myb100496870.2.L
GeneSymbol(108696494): myb100496870.2provisional.L ->  myb100496870.2.L
GeneSymbol(108696494): myb100496870.2provisional.L ->  myb100496870.2.L
tx_id error: >ND1|NP_008134.1|ND1|GeneID:2642086 xb_gene_id=NA
tx_id error: >ND2|NP_008135.1|ND2|GeneID:2642087 xb_gene_id=NA
tx_id error: >COX1|NP_008136.1|COX1|GeneID:2642088 xb_gene_id=NA
tx_id error: >COX2|NP_008137.1|COX2|GeneID:2642081 xb_gene_id=NA
tx_id error: >ATP8|NP_008138.1|ATP8|GeneID:2642082 xb_gene_id=NA
tx_id error: >ATP6|NP_008139.1|ATP6|GeneID:2642083 xb_gene_id=NA
tx_id error: >COX3|NP_008140.1|COX3|GeneID:2642084 xb_gene_id=NA
tx_id error: >ND3|NP_008141.1|ND3|GeneID:2642085 xb_gene_id=NA
tx_id error: >ND4L|NP_008142.1|ND4L|GeneID:2642076 xb_gene_id=NA
tx_id error: >ND4|NP_008143.1|ND4|GeneID:2642077 xb_gene_id=NA
tx_id error: >ND5|NP_008144.1|ND5|GeneID:2642078 xb_gene_id=NA
tx_id error: >ND6|NP_008145.1|ND6|GeneID:2642079 xb_gene_id=NA
tx_id error: >CYTB|NP_008146.1|CYTB|GeneID:2642080 xb_gene_id=NA
