NoID: >lcl|NC_054371.1_cds_286 [gene=LOC121401646] [db_xref=GeneID:121401646] [protein=immunoglobulin kappa variable 3-20-like] [exception=rearrangement required for product] [location=join(17080362..17080410,17080568..17080887)] [gbkey=CDS]
NoID: >lcl|NC_054371.1_cds_287 [gene=LOC108719337] [db_xref=GeneID:108719337] [protein=probable non-functional immunoglobulin kappa variable 6D-41] [exception=rearrangement required for product] [location=join(17089143..17089191,17089284..17089591)] [gbkey=CDS]
NoID: >lcl|NC_054371.1_cds_288 [gene=LOC108696240] [db_xref=GeneID:108696240] [protein=immunoglobulin kappa variable 4-1-like] [exception=rearrangement required for product] [location=join(17093914..17093962,17094074..17094393)] [gbkey=CDS]
NoID: >lcl|NC_054371.1_cds_289 [gene=LOC121401999] [db_xref=GeneID:121401999] [protein=immunoglobulin kappa variable 3-11-like] [exception=rearrangement required for product] [location=join(17118224..17118272,17118365..17118672)] [gbkey=CDS]
NoID: >lcl|NC_054371.1_cds_290 [gene=LOC108696231] [db_xref=GeneID:108696231] [protein=immunoglobulin kappa variable 3-20-like] [exception=rearrangement required for product] [location=join(17123241..17123289,17123405..17123712)] [gbkey=CDS]
NoID: >lcl|NC_054371.1_cds_291 [gene=LOC108696225] [db_xref=GeneID:108696225] [protein=immunoglobulin kappa variable 3-20-like] [exception=rearrangement required for product] [location=join(17145558..17145606,17145721..17146040)] [gbkey=CDS]
NoID: >lcl|NC_054371.1_cds_292 [gene=LOC121402001] [db_xref=GeneID:121402001] [protein=immunoglobulin kappa variable 3-20-like] [exception=rearrangement required for product] [location=join(17154816..17154864,17154957..17155264)] [gbkey=CDS]
NoID: >lcl|NC_054371.1_cds_293 [gene=LOC108719324] [db_xref=GeneID:108719324] [protein=immunoglobulin kappa variable 6D-21-like] [exception=rearrangement required for product] [location=join(17159603..17159651,17159744..17160063)] [gbkey=CDS]
NoID: >lcl|NC_054371.1_cds_294 [gene=LOC121401879] [db_xref=GeneID:121401879] [protein=immunoglobulin kappa variable 4-1-like] [exception=rearrangement required for product] [location=join(17169260..17169308,17169435..17169757)] [gbkey=CDS]
NoID: >lcl|NC_054371.1_cds_295 [gene=LOC121400502] [db_xref=GeneID:121400502] [protein=immunoglobulin kappa variable 3-20-like] [exception=rearrangement required for product] [location=join(17189939..17189987,17190101..17190420)] [gbkey=CDS]
NoID: >lcl|NC_054371.1_cds_296 [gene=LOC108696214] [db_xref=GeneID:108696214] [protein=immunoglobulin kappa variable 3-20-like] [exception=rearrangement required for product] [location=join(17194453..17194501,17194635..17194954)] [gbkey=CDS]
NoID: >lcl|NC_054371.1_cds_297 [gene=LOC108719316] [db_xref=GeneID:108719316] [protein=immunoglobulin kappa variable 3-20-like] [exception=rearrangement required for product] [location=join(17203214..17203262,17203355..17203662)] [gbkey=CDS]
NoID: >lcl|NC_054371.1_cds_298 [gene=LOC121401988] [db_xref=GeneID:121401988] [protein=immunoglobulin kappa variable 3-15-like] [exception=rearrangement required for product] [location=join(17216605..17216653,17216763..17217070)] [gbkey=CDS]
NoID: >lcl|NC_054371.1_cds_299 [gene=LOC121401984] [db_xref=GeneID:121401984] [protein=immunoglobulin kappa variable 3-20-like] [exception=rearrangement required for product] [location=join(17227331..17227385,17227512..17227819)] [gbkey=CDS]
NoID: >lcl|NC_054371.1_cds_300 [gene=LOC121400507] [db_xref=GeneID:121400507] [protein=immunoglobulin kappa variable 3-11-like] [exception=rearrangement required for product] [location=join(17238616..17238664,17243900..17244264)] [gbkey=CDS]
NoID: >lcl|NC_054371.1_cds_301 [gene=LOC121401890] [db_xref=GeneID:121401890] [protein=immunoglobulin kappa variable 3-20-like] [exception=rearrangement required for product] [location=join(17250915..17250963,17251056..17251375)] [gbkey=CDS]
NoID: >lcl|NC_054371.1_cds_302 [gene=LOC108696206] [db_xref=GeneID:108696206] [protein=immunoglobulin kappa variable 3-20-like] [exception=rearrangement required for product] [location=join(17255746..17255794,17255887..17256197)] [gbkey=CDS]
NoID: >lcl|NC_054371.1_cds_307 [gene=LOC121402006] [db_xref=GeneID:121402006] [protein=immunoglobulin kappa variable 3-15-like] [exception=rearrangement required for product] [location=join(17270079..17270127,17270220..17270527)] [gbkey=CDS]
NoID: >lcl|NC_054371.1_cds_308 [gene=LOC108696200] [db_xref=GeneID:108696200] [protein=immunoglobulin kappa variable 3-15-like] [exception=rearrangement required for product] [location=join(17275907..17275961,17276072..17276445)] [gbkey=CDS]
NoID: >lcl|NC_054371.1_cds_309 [gene=LOC121401948] [db_xref=GeneID:121401948] [protein=immunoglobulin kappa variable 3-11-like isoform X1] [exception=rearrangement required for product] [location=join(17296068..17296122,17305230..17305537)] [gbkey=CDS]
NoID: >lcl|NC_054371.1_cds_310 [gene=LOC108696185] [db_xref=GeneID:108696185] [protein=probable non-functional immunoglobulin kappa variable 6D-41] [exception=rearrangement required for product] [location=join(17315234..17315288,17315409..17315716)] [gbkey=CDS]
NoID: >lcl|NC_054371.1_cds_311 [gene=LOC121401768] [db_xref=GeneID:121401768] [protein=immunoglobulin kappa variable 3-20-like isoform X1] [exception=rearrangement required for product] [location=join(17327932..17327986,17328125..17328444)] [gbkey=CDS]
NoID: >lcl|NC_054371.1_cds_312 [gene=LOC121401761] [db_xref=GeneID:121401761] [protein=immunoglobulin kappa variable 3-20-like] [exception=rearrangement required for product] [location=join(17334600..17334654,17334764..17335086)] [gbkey=CDS]
NoID: >lcl|NC_054371.1_cds_314 [gene=LOC121401967] [db_xref=GeneID:121401967] [protein=immunoglobulin kappa variable 6-21-like] [exception=rearrangement required for product] [location=join(17351375..17351429,17351550..17351857)] [gbkey=CDS]
NoID: >lcl|NC_054371.1_cds_315 [gene=LOC121401665] [db_xref=GeneID:121401665] [protein=Ig kappa chain V region 3381-like] [exception=rearrangement required for product] [location=join(17357944..17357998,17358123..17358487)] [gbkey=CDS]
NoID: >lcl|NC_054371.1_cds_316 [gene=LOC121401943] [db_xref=GeneID:121401943] [protein=immunoglobulin kappa variable 6-21-like] [exception=rearrangement required for product] [location=join(17364209..17364263,17364366..17364673)] [gbkey=CDS]
NoID: >lcl|NC_054371.1_cds_317 [gene=LOC121400509] [db_xref=GeneID:121400509] [protein=immunoglobulin kappa variable 3-20-like] [exception=rearrangement required for product] [location=join(17370633..17370687,17370790..17371109)] [gbkey=CDS]
NoID: >lcl|NC_054371.1_cds_318 [gene=LOC121401981] [db_xref=GeneID:121401981] [protein=Ig kappa chain V region 3381-like] [exception=rearrangement required for product] [location=join(17387331..17387385,17387508..17387815)] [gbkey=CDS]
NoID: >lcl|NC_054371.1_cds_319 [gene=LOC121401982] [db_xref=GeneID:121401982] [protein=immunoglobulin kappa variable 3-20-like] [exception=rearrangement required for product] [location=join(17395570..17395624,17395791..17396098)] [gbkey=CDS]
NoID: >lcl|NC_054371.1_cds_320 [gene=LOC121401927] [db_xref=GeneID:121401927] [protein=immunoglobulin kappa variable 6-21-like isoform X1] [exception=rearrangement required for product] [location=join(17404015..17404069,17404239..17404546)] [gbkey=CDS]
NoID: >lcl|NC_054371.1_cds_321 [gene=LOC121401975] [db_xref=GeneID:121401975] [protein=probable non-functional immunoglobulin kappa variable 6D-41] [exception=rearrangement required for product] [location=join(17410538..17410592,17410717..17411024)] [gbkey=CDS]
NoID: >lcl|NC_054371.1_cds_322 [gene=LOC121400512] [db_xref=GeneID:121400512] [protein=immunoglobulin kappa variable 3-15-like] [exception=rearrangement required for product] [location=join(17442023..17442077,17442208..17442515)] [gbkey=CDS]
NoID: >lcl|NC_054371.1_cds_323 [gene=LOC121401840] [db_xref=GeneID:121401840] [protein=immunoglobulin kappa variable 3-15-like isoform X3] [exception=rearrangement required for product] [location=join(17455504..17455558,17475669..17475985)] [gbkey=CDS]
NoID: >lcl|NC_054371.1_cds_324 [gene=LOC121401976] [db_xref=GeneID:121401976] [protein=immunoglobulin kappa variable 3-11-like] [exception=rearrangement required for product] [location=join(17480897..17480951,17481077..17481384)] [gbkey=CDS]
NoID: >lcl|NC_054371.1_cds_325 [gene=LOC108719307] [db_xref=GeneID:108719307] [protein=immunoglobulin kappa variable 3-15-like] [exception=rearrangement required for product] [location=join(17491820..17491874,17491996..17492312)] [gbkey=CDS]
NoID: >lcl|NC_054371.1_cds_326 [gene=LOC121400514] [db_xref=GeneID:121400514] [protein=probable non-functional immunoglobulin kappa variable 6D-41] [exception=rearrangement required for product] [location=join(17503707..17503761,17503872..17504179)] [gbkey=CDS]
NoID: >lcl|NC_054371.1_cds_327 [gene=LOC108719298] [db_xref=GeneID:108719298] [protein=immunoglobulin kappa variable 3-20-like isoform X1] [exception=rearrangement required for product] [location=join(17519795..17519849,17519988..17520358)] [gbkey=CDS]
NoID: >lcl|NC_054371.1_cds_328 [gene=LOC121400516] [db_xref=GeneID:121400516] [protein=immunoglobulin kappa variable 3-20-like] [exception=rearrangement required for product] [location=join(17530945..17531008,17531100..17531419)] [gbkey=CDS]
NoID: >lcl|NC_054371.1_cds_330 [gene=LOC121401792] [db_xref=GeneID:121401792] [protein=immunoglobulin kappa variable 3-20-like isoform X1] [exception=rearrangement required for product] [location=join(17575715..17575778,17575905..17576215)] [gbkey=CDS]
NoID: >lcl|NC_054371.1_cds_331 [gene=LOC121401719] [db_xref=GeneID:121401719] [protein=immunoglobulin kappa variable 4-1-like isoform X2] [exception=rearrangement required for product] [location=join(17579283..17579340,17596375..17596694)] [gbkey=CDS]
NoID: >lcl|NC_054371.1_cds_332 [gene=LOC121401670] [db_xref=GeneID:121401670] [protein=immunoglobulin kappa variable 6-21-like] [exception=rearrangement required for product] [location=join(17606123..17606180,17606384..17606724)] [gbkey=CDS]
NoID: >lcl|NC_054371.1_cds_333 [gene=LOC121401674] [db_xref=GeneID:121401674] [protein=immunoglobulin kappa variable 3-20-like] [exception=rearrangement required for product] [location=join(17617657..17617720,17617851..17618173)] [gbkey=CDS]
NoID: >lcl|NC_054371.1_cds_334 [gene=LOC121401920] [db_xref=GeneID:121401920] [protein=immunoglobulin kappa variable 6-21-like] [exception=rearrangement required for product] [location=join(17625284..17625341,17625545..17625852)] [gbkey=CDS]
NoID: >lcl|NC_054371.1_cds_335 [gene=LOC108705726] [db_xref=GeneID:108705726] [protein=immunoglobulin kappa variable 3-20-like] [exception=rearrangement required for product] [location=join(17642449..17642500,17642632..17642954)] [gbkey=CDS]
NoID: >lcl|NC_054371.1_cds_336 [gene=LOC121393086] [db_xref=GeneID:121393086] [protein=immunoglobulin kappa variable 6-21-like] [exception=rearrangement required for product] [location=join(17652641..17652704,17652835..17653157)] [gbkey=CDS]
NoID: >lcl|NC_054371.1_cds_337 [gene=LOC108697575] [db_xref=GeneID:108697575] [protein=Ig kappa chain V region Mem5-like isoform X2] [exception=rearrangement required for product] [location=join(17684383..17684446,17684650..17684944,18000146..18000183,18005502..18005821)] [gbkey=CDS]
NoID: >lcl|NC_054371.1_cds_338 [gene=LOC108705651] [db_xref=GeneID:108705651] [protein=immunoglobulin kappa variable 3-20-like] [exception=rearrangement required for product] [location=join(17695385..17695448,17695580..17695902)] [gbkey=CDS]
NoID: >lcl|NC_054371.1_cds_339 [gene=LOC121401680] [db_xref=GeneID:121401680] [protein=immunoglobulin kappa variable 4-1-like] [exception=rearrangement required for product] [location=join(17705932..17705995,17706098..17706420)] [gbkey=CDS]
NoID: >lcl|NC_054371.1_cds_340 [gene=LOC121401888] [db_xref=GeneID:121401888] [protein=immunoglobulin kappa variable 3-11-like] [exception=rearrangement required for product] [location=join(17714782..17714845,17723179..17723486)] [gbkey=CDS]
NoID: >lcl|NC_054371.1_cds_341 [gene=LOC121401745] [db_xref=GeneID:121401745] [protein=immunoglobulin kappa variable 3-11-like] [exception=rearrangement required for product] [location=join(17746218..17746281,17746485..17746804)] [gbkey=CDS]
NoID: >lcl|NC_054371.1_cds_342 [gene=LOC108705652] [db_xref=GeneID:108705652] [protein=immunoglobulin kappa variable 3-20-like] [exception=rearrangement required for product] [location=join(17758460..17758523,17758655..17758977)] [gbkey=CDS]
NoID: >lcl|NC_054371.1_cds_343 [gene=LOC121401667] [db_xref=GeneID:121401667] [protein=immunoglobulin kappa variable 6-21-like] [exception=rearrangement required for product] [location=join(17764871..17764934,17776096..17776436)] [gbkey=CDS]
NoID: >lcl|NC_054371.1_cds_344 [gene=LOC108705715] [db_xref=GeneID:108705715] [protein=immunoglobulin kappa variable 3-20-like] [exception=rearrangement required for product] [location=join(17792486..17792549,17807947..17808257)] [gbkey=CDS]
NoID: >lcl|NC_054371.1_cds_345 [gene=LOC121401672] [db_xref=GeneID:121401672] [protein=immunoglobulin kappa variable 4-1-like] [exception=rearrangement required for product] [location=join(17816736..17816799,17816930..17817252)] [gbkey=CDS]
NoID: >lcl|NC_054371.1_cds_346 [gene=LOC108719515] [db_xref=GeneID:108719515] [protein=immunoglobulin kappa variable 3-20-like isoform X2] [exception=rearrangement required for product] [location=join(17849047..17849110,17854363..17854667)] [gbkey=CDS]
NoID: >lcl|NC_054371.1_cds_347 [gene=LOC108719522] [db_xref=GeneID:108719522] [protein=immunoglobulin kappa variable 3-20-like isoform X2] [exception=rearrangement required for product] [location=join(17864160..17864223,17881297..17881619)] [gbkey=CDS]
NoID: >lcl|NC_054371.1_cds_348 [gene=LOC108719508] [db_xref=GeneID:108719508] [protein=immunoglobulin kappa variable 3-20-like] [exception=rearrangement required for product] [location=join(17922580..17922643,17922768..17923090)] [gbkey=CDS]
NoID: >lcl|NC_054371.1_cds_349 [gene=LOC108697580] [db_xref=GeneID:108697580] [protein=immunoglobulin kappa variable 3-20-like isoform X2] [exception=rearrangement required for product] [location=complement(join(17960345..17960649,17960767..17960845,17963785..17963827,17982719..17982720))] [gbkey=CDS]
NoID: >lcl|NC_054371.1_cds_2424 [gene=LOC121393441] [db_xref=GeneID:121393441] [protein=Ig kappa chain V region K29-213-like] [exception=rearrangement required for product] [location=join(110181229..110181274,110181362..110181717)] [gbkey=CDS]
NoID: >lcl|NC_054371.1_cds_3680 [gene=LOC108695589] [db_xref=GeneID:108695589] [protein=Ig gamma-2A chain C region-like] [exception=rearrangement required for product] [location=complement(join(151733227..151733591,151733980..151734291,151736079..151736346))] [gbkey=CDS]
NoID: >lcl|NC_054371.1_cds_3681 [gene=LOC108714883] [db_xref=GeneID:108714883] [protein=immunoglobulin heavy constant gamma 4-like isoform X2] [exception=rearrangement required for product] [location=complement(join(151757963..151758282,151758668..151758985,151759665..151759988,151760490..151760789,151864194..151864212))] [gbkey=CDS]
NoID: >lcl|NC_054371.1_cds_3683 [gene=LOC108714884] [db_xref=GeneID:108714884] [protein=immunoglobulin heavy constant mu-like] [exception=rearrangement required for product] [location=complement(join(151851202..151851593,151851969..151852304,151853010..151853336,151855032..151855337,151864483..151864526,152320769..152320776,152390763..152391070,152391149..152391194))] [gbkey=CDS]
NoID: >lcl|NC_054371.1_cds_3684 [gene=LOC108714895] [db_xref=GeneID:108714895] [protein=Ig heavy chain V region PJ14-like] [exception=rearrangement required for product] [location=complement(join(151980484..151980809,151980906..151980945))] [gbkey=CDS]
NoID: >lcl|NC_054371.1_cds_3685 [gene=LOC108714896] [db_xref=GeneID:108714896] [protein=Ig heavy chain V region PJ14-like isoform X3] [exception=rearrangement required for product] [location=complement(join(151997600..151997925,151998014..151998053))] [gbkey=CDS]
NoID: >lcl|NC_054371.1_cds_3686 [gene=LOC108714892] [db_xref=GeneID:108714892] [protein=Ig heavy chain V region PJ14-like] [exception=rearrangement required for product] [location=complement(join(152026866..152027203,152027277..152027331))] [gbkey=CDS]
NoID: >lcl|NC_054371.1_cds_3687 [gene=LOC121394354] [db_xref=GeneID:121394354] [protein=Ig heavy chain V region XIG14-like] [exception=rearrangement required for product] [location=complement(join(152090603..152090958,152091043..152091088))] [gbkey=CDS]
NoID: >lcl|NC_054371.1_cds_3688 [gene=LOC121394337] [db_xref=GeneID:121394337] [protein=immunoglobulin heavy variable 2-26-like] [exception=rearrangement required for product] [location=complement(join(152167907..152168271,152168347..152168449))] [gbkey=CDS]
NoID: >lcl|NC_054371.1_cds_3689 [gene=LOC121394342] [db_xref=GeneID:121394342] [protein=immunoglobulin heavy variable 4-61-like] [exception=rearrangement required for product] [location=complement(join(152182583..152182947,152183022..152183076))] [gbkey=CDS]
NoID: >lcl|NC_054371.1_cds_3690 [gene=LOC108714885] [db_xref=GeneID:108714885] [protein=Ig heavy chain V region PJ14-like] [exception=rearrangement required for product] [location=complement(join(152235514..152235878,152235954..152236008))] [gbkey=CDS]
NoID: >lcl|NC_054371.1_cds_3691 [gene=LOC121394419] [db_xref=GeneID:121394419] [protein=Ig heavy chain V region PJ14-like] [exception=rearrangement required for product] [location=complement(join(152258799..152259031,152259107..152259161))] [gbkey=CDS]
NoID: >lcl|NC_054371.1_cds_3692 [gene=LOC121394338] [db_xref=GeneID:121394338] [protein=immunoglobulin heavy variable 4-61-like] [exception=rearrangement required for product] [location=complement(join(152287145..152287509,152287585..152287687))] [gbkey=CDS]
NoID: >lcl|NC_054371.1_cds_3693 [gene=LOC121394343] [db_xref=GeneID:121394343] [protein=immunoglobulin heavy variable 4-61-like] [exception=rearrangement required for product] [location=complement(join(152298830..152299230,152299308..152299362))] [gbkey=CDS]
NoID: >lcl|NC_054371.1_cds_3694 [gene=LOC121394414] [db_xref=GeneID:121394414] [protein=immunoglobulin heavy variable 5-51-like] [exception=rearrangement required for product] [location=complement(join(152346592..152346920,152347003..152347045))] [gbkey=CDS]
NoID: >lcl|NC_054371.1_cds_3695 [gene=LOC121400737] [db_xref=GeneID:121400737] [protein=Ig heavy chain V region 6.96-like] [exception=rearrangement required for product] [location=complement(join(152396966..152397285,152397362..152397407))] [gbkey=CDS]
NoID: >lcl|NC_054371.1_cds_3696 [gene=LOC121394416] [db_xref=GeneID:121394416] [protein=immunoglobulin heavy variable 3-11-like] [exception=rearrangement required for product] [location=complement(join(152413808..152414121,152414198..152414243))] [gbkey=CDS]
NoID: >lcl|NC_054371.1_cds_3697 [gene=LOC108714890] [db_xref=GeneID:108714890] [protein=immunoglobulin heavy variable 1-69-2-like] [exception=rearrangement required for product] [location=complement(join(152420182..152420528,152420614..152420656))] [gbkey=CDS]
NoID: >lcl|NC_054371.1_cds_3698 [gene=LOC121394388] [db_xref=GeneID:121394388] [protein=Ig heavy chain V region XIG8-like] [exception=rearrangement required for product] [location=complement(join(152423984..152424321,152424411..152424456))] [gbkey=CDS]
NoID: >lcl|NC_054371.1_cds_3699 [gene=LOC121394418] [db_xref=GeneID:121394418] [protein=Ig heavy chain V region XIG14-like] [exception=rearrangement required for product] [location=complement(join(152428389..152428699,152428777..152428822))] [gbkey=CDS]
NoID: >lcl|NC_054371.1_cds_3700 [gene=LOC121400748] [db_xref=GeneID:121400748] [protein=Ig heavy chain V region XIG8-like] [exception=rearrangement required for product] [location=complement(join(152436252..152436589,152436677..152436722))] [gbkey=CDS]
NoID: >lcl|NC_054371.1_cds_3701 [gene=LOC121400757] [db_xref=GeneID:121400757] [protein=Ig heavy chain V region XIG8-like] [exception=rearrangement required for product] [location=complement(join(152449416..152449753,152450683..152450695))] [gbkey=CDS]
NoID: >lcl|NC_054371.1_cds_3702 [gene=LOC121394417] [db_xref=GeneID:121394417] [protein=Ig heavy chain V region XIG14-like] [exception=rearrangement required for product] [location=complement(join(152452942..152453252,152453329..152453374))] [gbkey=CDS]
NoID: >lcl|NC_054371.1_cds_3703 [gene=LOC121400762] [db_xref=GeneID:121400762] [protein=Ig heavy chain V region 914-like] [exception=rearrangement required for product] [location=complement(join(152462953..152463332,152463418..152463463))] [gbkey=CDS]
NoID: >lcl|NC_054371.1_cds_3704 [gene=LOC108714897] [db_xref=GeneID:108714897] [protein=Ig heavy chain V region 914-like] [exception=rearrangement required for product] [location=complement(join(152482534..152482850,152482936..152482981))] [gbkey=CDS]
NoID: >lcl|NC_054371.1_cds_3705 [gene=LOC121400768] [db_xref=GeneID:121400768] [protein=immunoglobulin heavy variable 3-48-like] [exception=rearrangement required for product] [location=complement(join(152499293..152499609,152499695..152499830,152501179..152501358))] [gbkey=CDS]
NoID: >lcl|NC_054371.1_cds_3706 [gene=LOC121400770] [db_xref=GeneID:121400770] [protein=immunoglobulin heavy variable 3-7-like] [exception=rearrangement required for product] [location=complement(join(152508687..152509027,152509113..152509158))] [gbkey=CDS]
NoID: >lcl|NC_054371.1_cds_3707 [gene=LOC108714898] [db_xref=GeneID:108714898] [protein=Ig heavy chain V region 6.96-like] [exception=rearrangement required for product] [location=complement(join(152517113..152517429,152517508..152517553))] [gbkey=CDS]
NoID: >lcl|NC_054371.1_cds_3708 [gene=LOC121394406] [db_xref=GeneID:121394406] [protein=Ig heavy chain V region XIG14-like] [exception=rearrangement required for product] [location=complement(join(152522243..152522580,152522665..152522710))] [gbkey=CDS]
NoID: >lcl|NC_054371.1_cds_3709 [gene=LOC121394411] [db_xref=GeneID:121394411] [protein=Ig heavy chain V region XIG14-like] [exception=rearrangement required for product] [location=complement(join(152530311..152530648,152530749..152530794))] [gbkey=CDS]
NoID: >lcl|NC_054371.1_cds_3710 [gene=LOC121394412] [db_xref=GeneID:121394412] [protein=Ig heavy chain V region XIG14-like] [exception=rearrangement required for product] [location=complement(join(152536939..152537276,152537450..152537495))] [gbkey=CDS]
NoID: >lcl|NC_054371.1_cds_3711 [gene=LOC121394420] [db_xref=GeneID:121394420] [protein=Ig heavy chain V region XIG14-like] [exception=rearrangement required for product] [location=complement(join(152545504..152545827,152550388..152550692,152550772..152550817))] [gbkey=CDS]
NoID: >lcl|NC_054371.1_cds_3712 [gene=LOC121400772] [db_xref=GeneID:121400772] [protein=Ig heavy chain V region 914-like] [exception=rearrangement required for product] [location=complement(join(152554620..152554939,152555025..152555070))] [gbkey=CDS]
NoID: >lcl|NC_054371.1_cds_3713 [gene=LOC121394372] [db_xref=GeneID:121394372] [protein=immunoglobulin heavy variable 1-69-2-like] [exception=rearrangement required for product] [location=complement(join(152575097..152575443,152575529..152575571))] [gbkey=CDS]
NoID: >lcl|NC_054371.1_cds_3714 [gene=LOC108695596] [db_xref=GeneID:108695596] [protein=Ig heavy chain V region XIG14-like] [exception=rearrangement required for product] [location=complement(join(152583075..152583385,152583467..152583512))] [gbkey=CDS]
NoID: >lcl|NC_054371.1_cds_3715 [gene=LOC108695599] [db_xref=GeneID:108695599] [protein=immunoglobulin heavy variable 3-43-like] [exception=rearrangement required for product] [location=complement(join(152588959..152589335,152589424..152589469))] [gbkey=CDS]
NoID: >lcl|NC_054371.1_cds_3716 [gene=LOC121394413] [db_xref=GeneID:121394413] [protein=Ig heavy chain V region XIG14-like] [exception=rearrangement required for product] [location=complement(join(152595226..152595563,152595645..152595690))] [gbkey=CDS]
NoID: >lcl|NC_054371.1_cds_3717 [gene=LOC108695610] [db_xref=GeneID:108695610] [protein=Ig heavy chain V region XIG14-like] [exception=rearrangement required for product] [location=complement(join(152598407..152598744,152606737..152606782))] [gbkey=CDS]
NoID: >lcl|NC_054371.1_cds_3718 [gene=LOC121394344] [db_xref=GeneID:121394344] [protein=immunoglobulin heavy variable 3-43-like] [exception=rearrangement required for product] [location=complement(join(152609652..152610028,152610117..152610162))] [gbkey=CDS]
NoID: >lcl|NC_054371.1_cds_3719 [gene=LOC108695611] [db_xref=GeneID:108695611] [protein=Ig heavy chain V region XIG14-like] [exception=rearrangement required for product] [location=complement(join(152612805..152613142,152613981..152614062))] [gbkey=CDS]
NoID: >lcl|NC_054371.1_cds_3720 [gene=LOC108695612] [db_xref=GeneID:108695612] [protein=Ig heavy chain V region XIG14-like] [exception=rearrangement required for product] [location=complement(join(152616984..152617321,152617399..152617444))] [gbkey=CDS]
NoID: >lcl|NC_054371.1_cds_3721 [gene=LOC121394401] [db_xref=GeneID:121394401] [protein=Ig heavy chain V region XIG14-like] [exception=rearrangement required for product] [location=complement(join(152624590..152624927,152625009..152625054))] [gbkey=CDS]
NoID: >lcl|NC_054371.1_cds_3722 [gene=LOC121400784] [db_xref=GeneID:121400784] [protein=immunoglobulin heavy variable 3-48-like] [exception=rearrangement required for product] [location=complement(join(152629785..152630101,152630185..152630224))] [gbkey=CDS]
NoID: >lcl|NC_054371.1_cds_3723 [gene=LOC121394415] [db_xref=GeneID:121394415] [protein=Ig heavy chain V region XIG14-like] [exception=rearrangement required for product] [location=complement(join(152643621..152643946,152644026..152644071))] [gbkey=CDS]
NoID: >lcl|NC_054371.1_cds_3724 [gene=LOC108695613] [db_xref=GeneID:108695613] [protein=Ig heavy chain V region 914-like] [exception=rearrangement required for product] [location=complement(join(152658469..152658785,152658874..152658919))] [gbkey=CDS]
NoID: >lcl|NC_054371.1_cds_3725 [gene=LOC121394395] [db_xref=GeneID:121394395] [protein=Ig heavy chain V region XIG14-like] [exception=rearrangement required for product] [location=complement(join(152662316..152662653,152662735..152662780))] [gbkey=CDS]
NoID: >lcl|NC_054371.1_cds_3726 [gene=LOC108714900] [db_xref=GeneID:108714900] [protein=immunoglobulin heavy variable 3-74-like] [exception=rearrangement required for product] [location=complement(join(152668019..152668335,152668423..152668468))] [gbkey=CDS]
NoID: >lcl|NC_054371.1_cds_3727 [gene=LOC108695614] [db_xref=GeneID:108695614] [protein=Ig heavy chain V region XIG14-like] [exception=rearrangement required for product] [location=complement(join(152684763..152685073,152685155..152685200))] [gbkey=CDS]
NoID: >lcl|NC_054371.1_cds_3728 [gene=LOC121400791] [db_xref=GeneID:121400791] [protein=Ig heavy chain V region XIG14-like] [exception=rearrangement required for product] [location=complement(join(152699298..152699635,152699717..152699762))] [gbkey=CDS]
NoID: >lcl|NC_054371.1_cds_3730 [gene=LOC121400794] [db_xref=GeneID:121400794] [protein=immunoglobulin heavy variable 3-11-like] [exception=rearrangement required for product] [location=complement(join(152710651..152710967,152711045..152711084))] [gbkey=CDS]
NoID: >lcl|NC_054371.1_cds_3731 [gene=LOC108696923] [db_xref=GeneID:108696923] [protein=immunoglobulin heavy variable 3-7-like] [exception=rearrangement required for product] [location=complement(join(152721673..152721989,152722074..152722119))] [gbkey=CDS]
NoID: >lcl|NC_054371.1_cds_3732 [gene=LOC121400797] [db_xref=GeneID:121400797] [protein=immunoglobulin heavy variable 3-43-like] [exception=rearrangement required for product] [location=complement(join(152724194..152724510,152724595..152724739))] [gbkey=CDS]
NoID: >lcl|NC_054371.1_cds_3733 [gene=LOC108695617] [db_xref=GeneID:108695617] [protein=Ig heavy chain V region 6.96-like] [exception=rearrangement required for product] [location=complement(join(152728743..152729059,152729136..152729175))] [gbkey=CDS]
NoID: >lcl|NC_054371.1_cds_3734 [gene=LOC108695618] [db_xref=GeneID:108695618] [protein=immunoglobulin heavy variable 3-74-like] [exception=rearrangement required for product] [location=complement(join(152739113..152739429,152739514..152739553))] [gbkey=CDS]
NoID: >lcl|NC_054371.1_cds_3735 [gene=LOC108696939] [db_xref=GeneID:108696939] [protein=immunoglobulin heavy variable 3-48-like] [exception=rearrangement required for product] [location=complement(join(152744832..152745148,152745236..152745275))] [gbkey=CDS]
NoID: >lcl|NC_054371.1_cds_3736 [gene=LOC121400802] [db_xref=GeneID:121400802] [protein=Ig heavy chain V region 6.96-like] [exception=rearrangement required for product] [location=complement(join(152747826..152748175,152748259..152748298))] [gbkey=CDS]
NoID: >lcl|NC_054371.1_cds_3737 [gene=LOC121400806] [db_xref=GeneID:121400806] [protein=immunoglobulin heavy variable 3-74-like] [exception=rearrangement required for product] [location=complement(join(152765928..152766277,152766365..152766404))] [gbkey=CDS]
NoID: >lcl|NC_054371.1_cds_3738 [gene=LOC108696951] [db_xref=GeneID:108696951] [protein=Ig heavy chain V region 914-like] [exception=rearrangement required for product] [location=complement(join(152768307..152768656,152768738..152768777))] [gbkey=CDS]
NoID: >lcl|NC_054371.1_cds_3739 [gene=LOC121393087] [db_xref=GeneID:121393087] [protein=immunoglobulin heavy variable 3-43-like] [exception=rearrangement required for product] [location=complement(join(152771160..152771479,152771568..152771607))] [gbkey=CDS]
NoID: >lcl|NC_054371.1_cds_3740 [gene=LOC121394422] [db_xref=GeneID:121394422] [protein=Ig heavy chain V region 6.96-like] [exception=rearrangement required for product] [location=complement(join(152773654..152774003,152774091..152774130))] [gbkey=CDS]
NoID: >lcl|NC_054371.1_cds_3741 [gene=LOC108714889] [db_xref=GeneID:108714889] [protein=immunoglobulin heavy variable 3-23-like] [exception=rearrangement required for product] [location=complement(join(152794746..152795095,152795179..152795218))] [gbkey=CDS]
NoID: >lcl|NC_054371.1_cds_3742 [gene=LOC108714886] [db_xref=GeneID:108714886] [protein=immunoglobulin heavy variable 3-23-like] [exception=rearrangement required for product] [location=complement(join(152800468..152800817,152800901..152801057))] [gbkey=CDS]
NoID: >lcl|NC_054371.1_cds_3743 [gene=LOC108714893] [db_xref=GeneID:108714893] [protein=Ig heavy chain V region 914-like] [exception=rearrangement required for product] [location=complement(join(152807032..152807357,152807445..152807484))] [gbkey=CDS]
NoID: >lcl|NC_054371.1_cds_3744 [gene=LOC121400819] [db_xref=GeneID:121400819] [protein=immunoglobulin heavy variable 1-46-like] [exception=rearrangement required for product] [location=complement(join(152812372..152812694,152812773..152812815))] [gbkey=CDS]
NoID: >lcl|NC_054371.1_cds_3745 [gene=LOC121400834] [db_xref=GeneID:121400834] [protein=immunoglobulin heavy variable 3-23-like] [exception=rearrangement required for product] [location=complement(join(152822174..152822523,152822607..152822646))] [gbkey=CDS]
NoID: >lcl|NC_054371.1_cds_3746 [gene=LOC108714888] [db_xref=GeneID:108714888] [protein=immunoglobulin heavy variable 3-23-like] [exception=rearrangement required for product] [location=complement(join(152828070..152828422,152828506..152828662))] [gbkey=CDS]
NoID: >lcl|NC_054371.1_cds_3747 [gene=LOC121400865] [db_xref=GeneID:121400865] [protein=immunoglobulin heavy variable 3-74-like] [exception=rearrangement required for product] [location=complement(join(152833912..152834228,152834316..152834355))] [gbkey=CDS]
NoID: >lcl|NC_054371.1_cds_3748 [gene=LOC108705829] [db_xref=GeneID:108705829] [protein=immunoglobulin heavy variable 3-74-like] [exception=rearrangement required for product] [location=complement(join(152836423..152836772,152836860..152836899))] [gbkey=CDS]
NoID: >lcl|NC_054371.1_cds_3749 [gene=LOC108696962] [db_xref=GeneID:108696962] [protein=immunoglobulin heavy variable 3-43-like] [exception=rearrangement required for product] [location=complement(join(152839199..152839548,152839636..152839675))] [gbkey=CDS]
NoID: >lcl|NC_054371.1_cds_3750 [gene=LOC121394421] [db_xref=GeneID:121394421] [protein=Ig heavy chain V region 914-like] [exception=rearrangement required for product] [location=complement(join(152841739..152842088,152842176..152842215))] [gbkey=CDS]
NoID: >lcl|NC_054371.1_cds_3751 [gene=LOC121400887] [db_xref=GeneID:121400887] [protein=immunoglobulin heavy variable 3-7-like] [exception=rearrangement required for product] [location=complement(join(152846351..152846700,152846868..152846913))] [gbkey=CDS]
NoID: >lcl|NC_054371.1_cds_3752 [gene=LOC108695620] [db_xref=GeneID:108695620] [protein=immunoglobulin heavy variable 3-21-like] [exception=rearrangement required for product] [location=complement(join(152862943..152863352,152863444..152863483))] [gbkey=CDS]
NoID: >lcl|NC_054371.1_cds_3753 [gene=LOC108695621] [db_xref=GeneID:108695621] [protein=Ig heavy chain V region 6.96-like] [exception=rearrangement required for product] [location=complement(join(152871007..152871320,152871412..152871451))] [gbkey=CDS]
NoID: >lcl|NC_054371.1_cds_3754 [gene=LOC108695622] [db_xref=GeneID:108695622] [protein=immunoglobulin heavy variable 3-48-like] [exception=rearrangement required for product] [location=complement(join(152883885..152884240,152884316..152884361))] [gbkey=CDS]
NoID: >lcl|NC_054371.1_cds_3755 [gene=LOC108695623] [db_xref=GeneID:108695623] [protein=immunoglobulin heavy variable 3-43-like] [exception=rearrangement required for product] [location=complement(join(152888826..152889142,152889218..152889263))] [gbkey=CDS]
NoID: >lcl|NC_054371.1_cds_3760 [gene=LOC121394431] [db_xref=GeneID:121394431] [protein=T cell receptor alpha variable 16-like] [exception=rearrangement required for product] [location=complement(join(153118341..153118654,153118734..153118824))] [gbkey=CDS]
NoID: >lcl|NC_054371.1_cds_3762 [gene=LOC121400909] [db_xref=GeneID:121400909] [protein=T cell receptor alpha variable 3-like] [exception=rearrangement required for product] [location=complement(join(153133165..153133472,153133555..153133681))] [gbkey=CDS]
NoID: >lcl|NC_054371.1_cds_3763 [gene=LOC121394428] [db_xref=GeneID:121394428] [protein=T cell receptor alpha variable 18-like] [exception=rearrangement required for product] [location=complement(join(153139283..153139596,153139677..153139797))] [gbkey=CDS]
NoID: >lcl|NC_054371.1_cds_3764 [gene=LOC121394437] [db_xref=GeneID:121394437] [protein=T cell receptor alpha variable 16-like] [exception=rearrangement required for product] [location=complement(join(153155177..153155487,153155678..153155720))] [gbkey=CDS]
NoID: >lcl|NC_054371.1_cds_3765 [gene=LOC121400910] [db_xref=GeneID:121400910] [protein=T cell receptor alpha variable 2-like] [exception=rearrangement required for product] [location=complement(join(153164831..153165246,153165401..153165437))] [gbkey=CDS]
NoID: >lcl|NC_054371.1_cds_3766 [gene=LOC121400911] [db_xref=GeneID:121400911] [protein=T cell receptor alpha variable 2-like] [exception=rearrangement required for product] [location=complement(join(153174256..153174632,153174803..153174839))] [gbkey=CDS]
NoID: >lcl|NC_054371.1_cds_3767 [gene=LOC121394425] [db_xref=GeneID:121394425] [protein=T cell receptor alpha variable 38-2/delta variable 8-like] [exception=rearrangement required for product] [location=complement(join(153180486..153181015,153181192..153181240))] [gbkey=CDS]
NoID: >lcl|NC_054371.1_cds_3768 [gene=LOC121400912] [db_xref=GeneID:121400912] [protein=T cell receptor alpha variable 10-like] [exception=rearrangement required for product] [location=complement(join(153184518..153184924,153185044..153185107))] [gbkey=CDS]
NoID: >lcl|NC_054371.1_cds_3769 [gene=LOC121400913] [db_xref=GeneID:121400913] [protein=T cell receptor alpha variable 2-like] [exception=rearrangement required for product] [location=complement(join(153198709..153199040,153199323..153199491))] [gbkey=CDS]
NoID: >lcl|NC_054371.1_cds_3770 [gene=LOC121400914] [db_xref=GeneID:121400914] [protein=T cell receptor alpha variable 4-like] [exception=rearrangement required for product] [location=complement(join(153204743..153205116,153205266..153205302))] [gbkey=CDS]
NoID: >lcl|NC_054371.1_cds_3771 [gene=LOC121394432] [db_xref=GeneID:121394432] [protein=T cell receptor alpha variable 2-like] [exception=rearrangement required for product] [location=complement(join(153208968..153209299,153209442..153209502))] [gbkey=CDS]
NoID: >lcl|NC_054371.1_cds_3772 [gene=LOC121394429] [db_xref=GeneID:121394429] [protein=T cell receptor alpha variable 12-2-like] [exception=rearrangement required for product] [location=complement(join(153222089..153222465,153222591..153222639))] [gbkey=CDS]
NoID: >lcl|NC_054371.1_cds_3773 [gene=LOC121394439] [db_xref=GeneID:121394439] [protein=T cell receptor alpha variable 12-2-like] [exception=rearrangement required for product] [location=complement(join(153233903..153234183,153234402..153234450))] [gbkey=CDS]
NoID: >lcl|NC_054371.1_cds_3774 [gene=LOC121394438] [db_xref=GeneID:121394438] [protein=T cell receptor alpha variable 21-like] [exception=rearrangement required for product] [location=complement(join(153246341..153246636,153246965..153247013))] [gbkey=CDS]
NoID: >lcl|NC_054371.1_cds_3775 [gene=LOC121400915] [db_xref=GeneID:121400915] [protein=T cell receptor alpha variable 21-like] [exception=rearrangement required for product] [location=complement(join(153261631..153261923,153262051..153262099))] [gbkey=CDS]
NoID: >lcl|NC_054371.1_cds_3776 [gene=LOC121394435] [db_xref=GeneID:121394435] [protein=T cell receptor alpha variable 21-like] [exception=rearrangement required for product] [location=complement(join(153268364..153268659,153268856..153268919))] [gbkey=CDS]
NoID: >lcl|NC_054371.1_cds_3777 [gene=LOC121394433] [db_xref=GeneID:121394433] [protein=T cell receptor alpha variable 26-1-like] [exception=rearrangement required for product] [location=complement(join(153273207..153273526,153273701..153273743))] [gbkey=CDS]
NoID: >lcl|NC_054371.1_cds_3778 [gene=LOC121394426] [db_xref=GeneID:121394426] [protein=T cell receptor alpha variable 1-2-like] [exception=rearrangement required for product] [location=complement(join(153287216..153287721,153288009..153288057))] [gbkey=CDS]
NoID: >lcl|NC_054371.1_cds_3779 [gene=LOC121394430] [db_xref=GeneID:121394430] [protein=T cell receptor alpha variable 17-like] [exception=rearrangement required for product] [location=complement(join(153289472..153289842,153289930..153289966))] [gbkey=CDS]
NoID: >lcl|NC_054371.1_cds_3780 [gene=LOC121400916] [db_xref=GeneID:121400916] [protein=T cell receptor alpha variable 26-2-like] [exception=rearrangement required for product] [location=complement(join(153297321..153297634,153299370..153299382))] [gbkey=CDS]
NoID: >lcl|NC_054371.1_cds_3781 [gene=LOC108695626] [db_xref=GeneID:108695626] [protein=T cell receptor alpha variable 20-like] [exception=rearrangement required for product] [location=complement(join(153304598..153304956,153305189..153305246))] [gbkey=CDS]
NoID: >lcl|NC_054371.1_cds_3782 [gene=LOC121394436] [db_xref=GeneID:121394436] [protein=T-cell receptor alpha chain V region CTL-F3-like] [exception=rearrangement required for product] [location=complement(join(153310333..153310655,153311097..153311133))] [gbkey=CDS]
NoID: >lcl|NC_054371.1_cds_3783 [gene=LOC108714904] [db_xref=GeneID:108714904] [protein=T cell receptor alpha variable 40-like] [exception=rearrangement required for product] [location=complement(join(153319969..153320330,153322912..153323038,153326647..153326676))] [gbkey=CDS]
NoID: >lcl|NC_054371.1_cds_3789 [gene=LOC121394434] [db_xref=GeneID:121394434] [protein=T cell receptor delta variable 1-like] [exception=rearrangement required for product] [location=complement(join(153508013..153508335,153508750..153508789))] [gbkey=CDS]
NoID: >lcl|NC_054371.1_cds_3790 [gene=LOC121401379] [db_xref=GeneID:121401379] [protein=T cell receptor alpha variable 19-like] [exception=rearrangement required for product] [location=complement(join(153530755..153531149,153531246..153531288))] [gbkey=CDS]
NoID: >lcl|NC_054371.1_cds_3791 [gene=LOC108696971] [db_xref=GeneID:108696971] [protein=T cell receptor alpha variable 38-2/delta variable 8-like] [exception=rearrangement required for product] [location=complement(join(153535098..153535462,153535627..153535669))] [gbkey=CDS]
NoID: >lcl|NC_054371.1_cds_3792 [gene=LOC108695627] [db_xref=GeneID:108695627] [protein=T cell receptor alpha variable 38-2/delta variable 8-like] [exception=rearrangement required for product] [location=complement(join(153539110..153539504,153539593..153539635))] [gbkey=CDS]
NoID: >lcl|NC_054371.1_cds_3793 [gene=LOC108714905] [db_xref=GeneID:108714905] [protein=T cell receptor alpha variable 38-2/delta variable 8-like] [exception=rearrangement required for product] [location=complement(join(153542765..153543129,153543294..153543336))] [gbkey=CDS]
NoID: >lcl|NC_054371.1_cds_3794 [gene=LOC121401386] [db_xref=GeneID:121401386] [protein=T cell receptor alpha variable 38-2/delta variable 8-like] [exception=rearrangement required for product] [location=complement(join(153548149..153548585,153548674..153548716))] [gbkey=CDS]
NoID: >lcl|NC_054371.1_cds_3795 [gene=LOC108696981] [db_xref=GeneID:108696981] [protein=T cell receptor alpha variable 38-2/delta variable 8-like] [exception=rearrangement required for product] [location=complement(join(153551748..153552112,153552276..153552318))] [gbkey=CDS]
NoID: >lcl|NC_054371.1_cds_3797 [gene=LOC121394445] [db_xref=GeneID:121394445] [protein=T cell receptor beta variable 9-like] [exception=rearrangement required for product] [location=complement(join(153624639..153624985,153625075..153625126))] [gbkey=CDS]
NoID: >lcl|NC_054371.1_cds_3798 [gene=LOC121400921] [db_xref=GeneID:121400921] [protein=T cell receptor delta variable 3-like] [exception=rearrangement required for product] [location=complement(join(153627332..153627690,153627781..153627826))] [gbkey=CDS]
NoID: >lcl|NC_054371.1_cds_3799 [gene=LOC121400922] [db_xref=GeneID:121400922] [protein=T cell receptor alpha variable 4-like] [exception=rearrangement required for product] [location=complement(join(153631633..153631985,153632067..153632115))] [gbkey=CDS]
NoID: >lcl|NC_054371.1_cds_3801 [gene=LOC121394444] [db_xref=GeneID:121394444] [protein=T-cell receptor gamma chain V region DFL12-like] [exception=rearrangement required for product] [location=complement(join(153637825..153638192,153638334..153638379))] [gbkey=CDS]
NoID: >lcl|NC_054371.1_cds_3803 [gene=LOC121400923] [db_xref=GeneID:121400923] [protein=T cell receptor alpha variable 3-like] [exception=rearrangement required for product] [location=complement(join(153655422..153655753,153656568..153656628))] [gbkey=CDS]
NoID: >lcl|NC_054371.1_cds_3806 [gene=LOC121400924] [db_xref=GeneID:121400924] [protein=T cell receptor alpha variable 3-like] [exception=rearrangement required for product] [location=complement(join(153678783..153679114,153679912..153679972))] [gbkey=CDS]
NoID: >lcl|NC_054371.1_cds_3812 [gene=LOC121394446] [db_xref=GeneID:121394446] [protein=immunoglobulin heavy variable 5-51-like] [exception=rearrangement required for product] [location=join(153758066..153758108,153758191..153758519)] [gbkey=CDS]
NoID: >lcl|NC_054371.1_cds_3813 [gene=LOC108714908] [db_xref=GeneID:108714908] [protein=immunoglobulin heavy variable 5-10-1-like] [exception=rearrangement required for product] [location=join(153760506..153760548,153760631..153760962)] [gbkey=CDS]
NoID: >lcl|NC_054371.1_cds_4302 [gene=LOC121401426] [db_xref=GeneID:121401426] [protein=immunoglobulin lambda variable 5-37-like isoform X2] [exception=rearrangement required for product] [location=join(166118181..166118226,166118547..166118968)] [gbkey=CDS]
NoID: >lcl|NC_054371.1_cds_4307 [gene=LOC121394813] [db_xref=GeneID:121394813] [protein=immunoglobulin lambda variable 5-52-like] [exception=rearrangement required for product] [location=join(166227831..166227876,166227958..166228301)] [gbkey=CDS]
NoID: >lcl|NC_054371.1_cds_4308 [gene=LOC121394806] [db_xref=GeneID:121394806] [protein=immunoglobulin lambda variable 5-52-like] [exception=rearrangement required for product] [location=join(166232795..166232840,166232923..166233266)] [gbkey=CDS]
NoID: >lcl|NC_054371.1_cds_4310 [gene=LOC121394803] [db_xref=GeneID:121394803] [protein=immunoglobulin lambda variable 5-39-like] [exception=rearrangement required for product] [location=join(166267100..166267145,166267228..166267574)] [gbkey=CDS]
NoID: >lcl|NC_054371.1_cds_4311 [gene=LOC121394822] [db_xref=GeneID:121394822] [protein=immunoglobulin lambda variable 5-39-like isoform X1] [exception=rearrangement required for product] [location=join(166281052..166281097,166284596..166284936)] [gbkey=CDS]
NoID: >lcl|NC_054371.1_cds_4314 [gene=LOC108695663] [db_xref=GeneID:108695663] [protein=immunoglobulin lambda variable 5-39-like isoform X1] [exception=rearrangement required for product] [location=join(166318935..166318980,166319076..166319391,166407483..166407520,166408530..166408849)] [gbkey=CDS]
NoID: >lcl|NC_054372.1_cds_7488 [gene=LOC121398614] [db_xref=GeneID:121398614] [protein=Ig kappa chain V region 3381-like] [exception=rearrangement required for product] [location=join(91759602..91759698,91759787..91760142)] [gbkey=CDS]
NoID: >lcl|NC_054372.1_cds_7489 [gene=LOC121398858] [db_xref=GeneID:121398858] [protein=immunoglobulin lambda variable 1-44-like] [exception=rearrangement required for product] [location=join(91783109..91783154,91783247..91783758)] [gbkey=CDS]
NoID: >lcl|NC_054372.1_cds_7490 [gene=LOC121399369] [db_xref=GeneID:121399369] [protein=Ig kappa chain V-III region PC 3741/TEPC 111-like] [exception=rearrangement required for product] [location=join(91800787..91800832,91800914..91801287)] [gbkey=CDS]
NoID: >lcl|NC_054372.1_cds_7491 [gene=LOC108706853] [db_xref=GeneID:108706853] [protein=Ig kappa chain V-III region PC 3741/TEPC 111-like] [exception=rearrangement required for product] [location=join(91809264..91809309,91809391..91809764)] [gbkey=CDS]
NoID: >lcl|NC_054372.1_cds_7492 [gene=LOC121399368] [db_xref=GeneID:121399368] [protein=immunoglobulin lambda variable 1-47-like] [exception=rearrangement required for product] [location=join(91813109..91813154,91813236..91813609)] [gbkey=CDS]
NoID: >lcl|NC_054372.1_cds_7493 [gene=LOC121399370] [db_xref=GeneID:121399370] [protein=Ig kappa chain V region 120-like] [exception=rearrangement required for product] [location=join(91838133..91838178,91838255..91838601)] [gbkey=CDS]
NoID: >lcl|NC_054372.1_cds_8514 [gene=LOC121399453] [db_xref=GeneID:121399453] [protein=T cell receptor alpha variable 16-like] [exception=rearrangement required for product] [location=complement(join(130975410..130975705,130975791..130975839))] [gbkey=CDS]
NoID: >lcl|NC_054372.1_cds_8515 [gene=LOC121399450] [db_xref=GeneID:121399450] [protein=T cell receptor alpha variable 3-like] [exception=rearrangement required for product] [location=complement(join(130985998..130986305,130986388..130986514))] [gbkey=CDS]
NoID: >lcl|NC_054372.1_cds_8516 [gene=LOC121399452] [db_xref=GeneID:121399452] [protein=T cell receptor alpha variable 9-2-like] [exception=rearrangement required for product] [location=complement(join(131001544..131001845,131001938..131001986))] [gbkey=CDS]
NoID: >lcl|NC_054372.1_cds_8517 [gene=LOC121398994] [db_xref=GeneID:121398994] [protein=T cell receptor alpha variable 16-like] [exception=rearrangement required for product] [location=complement(join(131004842..131005128,131005251..131005299))] [gbkey=CDS]
NoID: >lcl|NC_054372.1_cds_8519 [gene=LOC121399006] [db_xref=GeneID:121399006] [protein=T cell receptor alpha variable 3-like] [exception=rearrangement required for product] [location=complement(131030449..131030844)] [gbkey=CDS]
NoID: >lcl|NC_054372.1_cds_8520 [gene=LOC121399451] [db_xref=GeneID:121399451] [protein=T cell receptor alpha variable 2-like] [exception=rearrangement required for product] [location=complement(join(131036128..131036459,131036747..131036810))] [gbkey=CDS]
NoID: >lcl|NC_054372.1_cds_8521 [gene=LOC121399009] [db_xref=GeneID:121399009] [protein=T cell receptor alpha variable 12-2-like] [exception=rearrangement required for product] [location=complement(join(131052988..131053349,131053530..131053578))] [gbkey=CDS]
NoID: >lcl|NC_054372.1_cds_8522 [gene=LOC121399010] [db_xref=GeneID:121399010] [protein=T cell receptor alpha variable 12-3-like] [exception=rearrangement required for product] [location=complement(join(131073691..131074031,131074219..131074267))] [gbkey=CDS]
NoID: >lcl|NC_054372.1_cds_8523 [gene=LOC121398713] [db_xref=GeneID:121398713] [protein=T cell receptor alpha variable 12-2-like] [exception=rearrangement required for product] [location=complement(join(131079086..131079426,131079643..131079691))] [gbkey=CDS]
NoID: >lcl|NC_054372.1_cds_8524 [gene=LOC121398714] [db_xref=GeneID:121398714] [protein=T cell receptor alpha variable 17-like] [exception=rearrangement required for product] [location=complement(join(131089239..131089534,131089771..131089819))] [gbkey=CDS]
NoID: >lcl|NC_054372.1_cds_8525 [gene=LOC121398716] [db_xref=GeneID:121398716] [protein=T cell receptor alpha variable 17-like] [exception=rearrangement required for product] [location=complement(join(131091284..131091579,131092042..131092090))] [gbkey=CDS]
NoID: >lcl|NC_054372.1_cds_8526 [gene=LOC121398715] [db_xref=GeneID:121398715] [protein=T cell receptor alpha variable 26-2-like] [exception=rearrangement required for product] [location=complement(join(131093514..131093848,131094288..131094366))] [gbkey=CDS]
NoID: >lcl|NC_054372.1_cds_8527 [gene=LOC121398717] [db_xref=GeneID:121398717] [protein=T-cell receptor alpha chain V region 2B4-like] [exception=rearrangement required for product] [location=complement(join(131097676..131097971,131098329..131098377))] [gbkey=CDS]
NoID: >lcl|NC_054372.1_cds_8528 [gene=LOC121398718] [db_xref=GeneID:121398718] [protein=T cell receptor alpha variable 39-like] [exception=rearrangement required for product] [location=complement(join(131102163..131102458,131102815..131102878))] [gbkey=CDS]
NoID: >lcl|NC_054372.1_cds_8529 [gene=LOC121398719] [db_xref=GeneID:121398719] [protein=T cell receptor alpha variable 26-2-like] [exception=rearrangement required for product] [location=complement(join(131107823..131108142,131108308..131108350))] [gbkey=CDS]
NoID: >lcl|NC_054372.1_cds_8530 [gene=LOC121398720] [db_xref=GeneID:121398720] [protein=T cell receptor alpha variable 26-2-like] [exception=rearrangement required for product] [location=complement(join(131109777..131110096,131110243..131110279))] [gbkey=CDS]
NoID: >lcl|NC_054372.1_cds_8531 [gene=LOC121399454] [db_xref=GeneID:121399454] [protein=T cell receptor alpha variable 1-2-like] [exception=rearrangement required for product] [location=complement(join(131119410..131119780,131119865..131119901))] [gbkey=CDS]
NoID: >lcl|NC_054377.1_cds_31808 [gene=LOC121402857] [db_xref=GeneID:121402857] [protein=natural cytotoxicity triggering receptor 3-like] [exception=rearrangement required for product] [location=join(123364673..123364754,123364998..123365383)] [gbkey=CDS]
NoID: >lcl|NC_054381.1_cds_44674 [gene=LOC121394642] [db_xref=GeneID:121394642] [protein=probable non-functional T cell receptor gamma variable 10] [exception=rearrangement required for product] [location=join(67345539..67345581,67345726..67346051)] [gbkey=CDS]
NoID: >lcl|NC_054381.1_cds_44675 [gene=LOC121394643] [db_xref=GeneID:121394643] [protein=Ig kappa chain V-VI region NQ5-61.1.2-like] [exception=rearrangement required for product] [location=join(67354709..67354745,67354884..67355209)] [gbkey=CDS]
NoID: >lcl|NC_054381.1_cds_44676 [gene=LOC121394641] [db_xref=GeneID:121394641] [protein=T-cell receptor gamma chain V region V108B-like] [exception=rearrangement required for product] [location=join(67363391..67363433,67364069..67364478)] [gbkey=CDS]
NoID: >lcl|NC_054381.1_cds_44678 [gene=LOC121394644] [db_xref=GeneID:121394644] [protein=probable non-functional T cell receptor gamma variable 11] [exception=rearrangement required for product] [location=join(67376333..67376372,67377255..67377571)] [gbkey=CDS]
NoID: >lcl|NC_054383.1_cds_49184 [gene=LOC108695685] [db_xref=GeneID:108695685] [protein=T cell receptor beta variable 30-like] [exception=rearrangement required for product] [location=325611..326066] [gbkey=CDS]
NoID: >lcl|NC_054383.1_cds_49185 [gene=LOC108695686] [db_xref=GeneID:108695686] [protein=T cell receptor beta variable 29-1-like] [exception=rearrangement required for product] [location=join(331964..332009,332271..332584)] [gbkey=CDS]
NoID: >lcl|NC_054383.1_cds_49186 [gene=LOC121395737] [db_xref=GeneID:121395737] [protein=T cell receptor beta variable 20-1-like] [exception=rearrangement required for product] [location=join(339395..339440,340023..340336)] [gbkey=CDS]
NoID: >lcl|NC_054383.1_cds_49204 [gene=LOC121395796] [db_xref=GeneID:121395796] [protein=T cell receptor beta variable 6-1-like] [exception=rearrangement required for product] [location=complement(join(545058..545371,545729..545774))] [gbkey=CDS]
NoID: >lcl|NC_054383.1_cds_49207 [gene=LOC121395795] [db_xref=GeneID:121395795] [protein=T cell receptor alpha variable 9-2-like] [exception=rearrangement required for product] [location=complement(join(549590..549900,550017..550086))] [gbkey=CDS]
NoID: >lcl|NC_054383.1_cds_49208 [gene=LOC121395794] [db_xref=GeneID:121395794] [protein=T cell receptor beta variable 6-1-like] [exception=rearrangement required for product] [location=complement(join(551647..551993,552388..552433))] [gbkey=CDS]
NoID: >lcl|NC_054383.1_cds_49209 [gene=LOC121395793] [db_xref=GeneID:121395793] [protein=T cell receptor beta variable 28-like] [exception=rearrangement required for product] [location=complement(join(553259..553644,553914..553953))] [gbkey=CDS]
NoID: >lcl|NC_054383.1_cds_49210 [gene=LOC108695982] [db_xref=GeneID:108695982] [protein=Ig kappa chain V region BS-5-like] [exception=rearrangement required for product] [location=complement(join(555285..555724,555834..555936))] [gbkey=CDS]
NoID: >lcl|NC_054383.1_cds_49212 [gene=LOC108695687] [db_xref=GeneID:108695687] [protein=T cell receptor beta variable 6-1-like] [exception=rearrangement required for product] [location=complement(join(561145..561557,561743..561788))] [gbkey=CDS]
NoID: >lcl|NC_054387.1_cds_69296 [gene=LOC121398244] [db_xref=GeneID:121398244] [protein=immunoglobulin heavy constant mu-like] [exception=rearrangement required for product] [location=join(136967708..136967792,136977769..136978098,136978278..136978577,136978872..136979201,136980633..136980721)] [gbkey=CDS]
NoID: >lcl|NC_054388.1_cds_73053 [gene=LOC121398957] [db_xref=GeneID:121398957] [protein=Ig mu chain C region-like] [exception=rearrangement required for product] [location=join(115822913..115822964,115833257..115833583,115833991..115834284,115835560..115835685,115836474..115836776,115837057..115837404,115838401..115838432)] [gbkey=CDS]
NoID: >lcl|NC_054388.1_cds_73072 [gene=LOC121398928] [db_xref=GeneID:121398928] [protein=Ig heavy chain C region, secreted form-like isoform X2] [exception=rearrangement required for product] [location=join(116283596..116283641,116293117..116293416,116308280..116308375,116312063..116312413,116312753..116313049,116321330..116321358)] [gbkey=CDS]
NoID: >lcl|NC_054388.1_cds_73073 [gene=LOC121399062] [db_xref=GeneID:121399062] [protein=immunoglobulin heavy constant mu-like] [exception=rearrangement required for product] [location=join(116336214..116336259,116340376..116340708,116341203..116341487,116342200..116342295,116346321..116346671,116346959..116347255,116347484..116347827)] [gbkey=CDS]
MultiID: >lcl|NW_024467188.1_cds_NP_001091396.1_73117 [gene=ccdc50.L] [db_xref=GeneID:100049085] [protein=coiled-coil domain containing 50 L homeolog] [partial=5'] [exception=annotated by transcript or proteomic data] [protein_id=NP_001091396.1] [location=join(<2220..2222,2225..2229,2232..2250)] [gbkey=CDS]
