MultiName	pum1|Q66KI6 type=main;sp	pum1.S|A0A1L8H7I9 type=main;tr;;pum1|Q66KI6 type=main;sp
MultiName	sod1.S|A0A1L8H563 type=main;tr	sod1-a|P13926 type=main;sp;;sod1.S|A0A1L8H563 type=main;tr
MultiName	sec61g|Q66KU2 type=main;sp	sec61g.S|A0A1L8FWK5 type=main;tr;;sec61g|Q66KU2 type=main;sp
MultiName	pabpc1.L|A0A1L8FZR3 type=main;tr	pabpc1-b|Q6IP09 type=main;sp;;pabpc1.L|A0A1L8FZR3 type=main;tr
MultiName	rasgrp2.S|A0A8J1MZ61 type=main;tr	rasgrp2-a|Q32N25 type=main;sp;;rasgrp2.S|A0A8J1MZ61 type=main;tr
MultiName	rgn|Q9I922 type=main;sp	rgn.L|B7ZQJ6 type=main;tr;;rgn|Q9I922 type=main;sp
MultiName	eif6|Q6GR45 type=main;sp	eif6.S|A0A8J1LY24 type=main;tr;;eif6|Q6GR45 type=main;sp
MultiName	acy3|A0JMS7 type=main;sp	acy3.L|A0A1L8HG04 type=main;tr;;acy3|A0JMS7 type=main;sp
MultiName	wdr24|Q7ZX22 type=main;sp	wdr24.L|A0A8J1LQC5 type=main;tr;;wdr24|Q7ZX22 type=main;sp
MultiName	map3k13.S|A0A1L8EPW4 type=main;tr	map3k13-b|A7J1T0 type=main;sp;;map3k13.S|A0A1L8EPW4 type=main;tr
MultiName	h2bc11.S|A0A8J1MSM0 type=main;tr	NA|P02281 type=main;sp;;h2bc11.S|A0A8J1MSM0 type=main;tr
MultiName	cdc42se2l.S|A0A1L8HPI8 type=main;tr	cdc42se2-a|Q5FVD7 type=main;sp;;cdc42se2l.S|A0A1L8HPI8 type=main;tr
MultiName	fbxo45|Q7ZXY1 type=main;sp	fbxo45.S|A0A1L8G4Z9 type=main;tr;;fbxo45|Q7ZXY1 type=main;sp
MultiName	mxd3|Q0VH33 type=main;sp	mxd3.L|A0A1L8GXX8 type=main;tr;;mxd3|Q0VH33 type=main;sp
MultiName	fibcd1.L|A0A8J1LF17 type=main;tr	fibcd1-a|Q6AX44 type=main;sp;;fibcd1.L|A0A8J1LF17 type=main;tr
MultiName	lrrc42|Q4KLV2 type=main;sp	lrrc42.L|A0A8J1MYR0 type=main;tr;;lrrc42|Q4KLV2 type=main;sp
MultiName	ccdc124.L|A0A1L8HXF1 type=main;tr	ccdc124-a|Q68EY7 type=main;sp;;ccdc124.L|A0A1L8HXF1 type=main;tr
MultiName	dand5|Q800X4 type=main;sp	dand5.S|A0A8J1MPC8 type=main;tr;;dand5|Q800X4 type=main;sp
MultiName	tamm41|Q6DJM2 type=main;sp	LOC108704415|A0A8J1KNK5 type=main;tr;;tamm41|Q6DJM2 type=main;sp
MultiName	tbrg4|Q6PA48 type=main;sp	tbrg4.L|A0A8J1KWV9 type=main;tr;;tbrg4|Q6PA48 type=main;sp
MultiName	tomm20|Q8AVY0 type=main;sp	tomm20.L|A0A1L8G8K1 type=main;tr;;tomm20|Q8AVY0 type=main;sp
MultiName	dusp1.S|A0A1L8GV49 type=main;tr	dusp1-b|Q90W58 type=main;sp;;dusp1.S|A0A1L8GV49 type=main;tr
MultiName	sp4-c|P24056 type=main;sp	LOC397723|B7ZPT6 type=main;tr;;sp4-c|P24056 type=main;sp
MultiName	abhd6.S|A0A8J1N0K9 type=main;tr	abhd6-a|Q6GLL2 type=main;sp;;abhd6.S|A0A8J1N0K9 type=main;tr
MultiName	tmem56.2.L|A0A310U3T9 type=main;tr	tlcd4-a|Q6GLX2 type=main;sp;;tmem56.2.L|A0A310U3T9 type=main;tr
MultiName	cenps|Q6NRI8 type=main;sp	cenps.L|A0A1L8FKY4 type=main;tr;;cenps|Q6NRI8 type=main;sp
MultiName	nuf2.S|A0A8J1KL67 type=main;tr	nuf2-b|Q6GQ71 type=main;sp;;nuf2.S|A0A8J1KL67 type=main;tr
MultiName	foxd5-a|Q9PRJ8 type=main;sp	foxd4l1.1.S|B7ZQ25 type=main;tr;;foxd5-a|Q9PRJ8 type=main;sp
MultiName	tspan9|Q6DCQ3 type=main;sp	tspan9.S|A0A1L8GQY2 type=additional;tr;;tspan9|Q6DCQ3 type=main;sp
MultiName	cept1|Q7ZYQ3 type=main;sp	cept1.S|A0A8J1MC29 type=main;tr;;cept1|Q7ZYQ3 type=main;sp
Duplicate	tsku.L|Q65YW8 type=main;sp	tsku.L|A0A8J1MCD7 type=additional;tr;;tsku.L|Q65YW8 type=main;sp
MultiName	btbd17|Q6GLJ1 type=main;sp	btbd17.S|A0A1L8EM68 type=main;tr;;btbd17|Q6GLJ1 type=main;sp
MultiName	ntmt1.L|A0A8J1LHF5 type=main;tr	ntmt1-a|Q4KL94 type=main;sp;;ntmt1.L|A0A8J1LHF5 type=main;tr
MultiName	ccnj|Q6DFJ9 type=main;sp	ccnj.S|A0A1L8FEF4 type=main;tr;;ccnj|Q6DFJ9 type=main;sp
MultiName	kpna7.S|A0A1L8EPY1 type=main;tr	kpna1|P52170 type=main;sp;;kpna7.S|A0A1L8EPY1 type=main;tr
MultiName	sod1.L|A0A1L8HCL3 type=main;tr	sod1-b|P15107 type=main;sp;;sod1.L|A0A1L8HCL3 type=main;tr
MultiName	mknk1|Q9YGW0 type=main;sp	mknk1.S|A0A8J1MZB4 type=main;tr;;mknk1|Q9YGW0 type=main;sp
MultiName	fxr1.L|A3KMH8 type=main;tr	fxr1-a|P51115-2 type=additional;sp;;fxr1.L|A3KMH8 type=main;tr
MultiName	elavl2|Q91903 type=main;sp	elavl2.L|A0A8J1L0R0 type=main;tr;;elavl2|Q91903 type=main;sp
MultiName	pabpc1l.S|A0A8J1LXZ9 type=main;tr	epabp-a|Q98SP8 type=main;sp;;pabpc1l.S|A0A8J1LXZ9 type=main;tr
MultiName	grb2.L|A0A1L8EUF2 type=main;tr	grb2-a|P87379 type=main;sp;;grb2.L|A0A1L8EUF2 type=main;tr
MultiName	bud31|P12805 type=main;sp	bud31.S|A0A1L8EXA3 type=main;tr;;bud31|P12805 type=main;sp
MultiName	eef1as|P13549 type=main;sp	eef1a1.L|A0A1L8G3E8 type=main;tr;;eef1as|P13549 type=main;sp
MultiName	tbl1xr1.S|A0A1L8G3Y4 type=main;tr	tbl1xr1-b|Q6GPC6 type=main;sp;;tbl1xr1.S|A0A1L8G3Y4 type=main;tr
MultiName	sfr1|Q68F53 type=main;sp	sfr1.L|A0A1L8FJ76 type=main;tr;;sfr1|Q68F53 type=main;sp
MultiName	nme2.S|A0A8J1LY34 type=main;tr	NA|P70011 type=main;sp;;nme2.S|A0A8J1LY34 type=main;tr
MultiName	triqk|B2B9D9 type=main;sp	triqk.L|A0A1L8FZK9 type=main;tr;;triqk|B2B9D9 type=main;sp
MultiName	arih1|Q32NS4 type=main;sp	arih1.L|A0A1L8GZX7 type=main;tr;;arih1|Q32NS4 type=main;sp
MultiName	spop.L|A0A1L8ES82 type=main;tr	spop-a|Q7ZX06 type=main;sp;;spop.L|A0A1L8ES82 type=main;tr
MultiName	h4c1.L|A0A1L8G0S8 type=main;tr	NA|P62799 type=main;sp;;h4c1.L|A0A1L8G0S8 type=main;tr
MultiName	dpepe.L|A0A1L8EWU6 type=main;tr	aad-a|Q91642 type=main;sp;;dpepe.L|A0A1L8EWU6 type=main;tr
MultiName	sox9.L|I3QHH5 type=main;tr	sox9-b|Q6DFF5 type=main;sp;;sox9.L|I3QHH5 type=main;tr
MultiName	med7.L|A0A1L8GWD2 type=main;tr	med7-a|Q3B8I4 type=main;sp;;med7.L|A0A1L8GWD2 type=main;tr
MultiName	fcn1.L|A0A8J1LGR2 type=main;tr	fcn1-a|Q7ZT75 type=main;sp;;fcn1.L|A0A8J1LGR2 type=main;tr
MultiName	mab21l2.L|A0A1L8HUE0 type=main;tr	mab21l2-a|Q9I9K2 type=main;sp;;mab21l2.L|A0A1L8HUE0 type=main;tr
MultiName	nr2c2ap|Q3B8C3 type=main;sp	nr2c2ap.S|A0A8J1LST6 type=main;tr;;nr2c2ap|Q3B8C3 type=main;sp
MultiName	ldaf1.L|A0A1L8EY10 type=main;tr	ldaf1-a|Q68F33 type=main;sp;;ldaf1.L|A0A1L8EY10 type=main;tr
MultiName	zbtb18.S|A0A1L8G2X8 type=additional;tr	zbtb18.3|Q6NRM8 type=main;sp;;zbtb18.S|A0A1L8G2X8 type=additional;tr
MultiName	wdr82.S|A0A1L8GHF9 type=main;tr	wdr82-b|Q58E77 type=main;sp;;wdr82.S|A0A1L8GHF9 type=main;tr
MultiName	ykt6.L|A0A1L8H1T5 type=main;tr	ykt6-b|Q32N70 type=main;sp;;ykt6.L|A0A1L8H1T5 type=main;tr
MultiName	ubl4a|Q0D261 type=main;sp	ubl4a.S|A0A8J1LHZ1 type=main;tr;;ubl4a|Q0D261 type=main;sp
MultiName	klhl12|Q6NRH0 type=main;sp	klhl12.L|A0A1L8HEP6 type=main;tr;;klhl12|Q6NRH0 type=main;sp
MultiName	dynlt5.L|A0A1L8GLV0 type=main;tr	Dynlt5-a|Q3B8D7 type=main;sp;;dynlt5.L|A0A1L8GLV0 type=main;tr
MultiName	plcd4|Q32NH8 type=main;sp	plcd4.L|A0A1L8EVR6 type=main;tr;;plcd4|Q32NH8 type=main;sp
MultiName	abitram|Q6GR35 type=main;sp	abitram.S|A0A1L8FS20 type=main;tr;;abitram|Q6GR35 type=main;sp
MultiName	prmt7|Q6PCI6 type=main;sp	prmt7.L|A0A1L8GKH8 type=main;tr;;prmt7|Q6PCI6 type=main;sp
MultiName	agtr1.L|A0A1L8GB00 type=main;tr	agtr1-a|P32303 type=main;sp;;agtr1.L|A0A1L8GB00 type=main;tr
MultiName	pbx2|Q6IR52 type=main;sp	pbx2.L|A0A8J1LJD7 type=main;tr;;pbx2|Q6IR52 type=main;sp
MultiName	tnfaip8l3|Q6DFE2 type=main;sp	tnfaip8l3.S|A0A8J1MR46 type=main;tr;;tnfaip8l3|Q6DFE2 type=main;sp
MultiName	drd1|P42289 type=main;sp	drd1.L|A0A1L8GXP1 type=main;tr;;drd1|P42289 type=main;sp
MultiName	bmi1a|Q91648 type=main;sp	bmi1.S|A0A8J1L0E8 type=main;tr;;bmi1a|Q91648 type=main;sp
MultiName	becn1|Q6GP52 type=main;sp	becn1.L|A0A8J1LSS5 type=main;tr;;becn1|Q6GP52 type=main;sp
MultiName	tmem205|Q6GPW4 type=main;sp	tmem205.L|A0A1L8H2X8 type=additional;tr;;tmem205|Q6GPW4 type=main;sp
MultiName	ankrd34b|Q5PQ89 type=main;sp	ankrd34b.L|A0A1L8I1Z9 type=main;tr;;ankrd34b|Q5PQ89 type=main;sp
MultiName	pabpc1.S|A0A1L8FTJ1 type=main;tr	pabpc1-a|P20965 type=main;sp;;pabpc1.S|A0A1L8FTJ1 type=main;tr
MultiName	nphp3|Q6AZT7 type=main;sp	nphp3.L|A0A8J1KVS8 type=main;tr;;nphp3|Q6AZT7 type=main;sp
MultiName	mad2l2|Q8QFR4 type=main;sp	mad2l2.S|A0A1L8FFM2 type=main;tr;;mad2l2|Q8QFR4 type=main;sp
MultiName	gdpgp1|A8E5Y3 type=main;sp	gdpgp1.S|B7ZPW1 type=main;tr;;gdpgp1|A8E5Y3 type=main;sp
MultiName	hacd4|Q6GNB5 type=main;sp	LOC108713839|A0A8J1KSA7 type=main;tr;;hacd4|Q6GNB5 type=main;sp
MultiName	klhl30|Q6INL2 type=main;sp	klhl30.L|A0A1L8GBA3 type=main;tr;;klhl30|Q6INL2 type=main;sp
MultiName	sh3bp4.S|A0A1L8EPL5 type=main;tr	sh3bp4-a|Q6NU22 type=main;sp;;sh3bp4.S|A0A1L8EPL5 type=main;tr
MultiName	mlec.L|A0A1L8I0V9 type=main;tr	mlec-b|Q8AVF4 type=main;sp;;mlec.L|A0A1L8I0V9 type=main;tr
MultiName	nr2b|A0A8J1N1D9 type=main;tr	grin2b|A7XY94 type=main;sp;;nr2b|A0A8J1N1D9 type=main;tr
MultiName	harbi1|Q5U538 type=main;sp	harbi1.L|A0A8J1MVG3 type=main;tr;;harbi1|Q5U538 type=main;sp
MultiName	chmp5|Q6DD52 type=main;sp	chmp5.L|A0A1L8FXB1 type=main;tr;;chmp5|Q6DD52 type=main;sp
MultiName	slc44a1|Q6IR74 type=main;sp	slc44a1.L|A0A1L8HXU2 type=main;tr;;slc44a1|Q6IR74 type=main;sp
MultiName	erlin2.L|A0A8J1MHC6 type=main;tr	erlin2-a|Q5XH03 type=main;sp;;erlin2.L|A0A8J1MHC6 type=main;tr
MultiName	get4.S|A0A1L8EQG4 type=main;tr	get4-b|Q6GLK9 type=main;sp;;get4.S|A0A1L8EQG4 type=main;tr
MultiName	nuf2.L|A0A1L8GN20 type=main;tr	nuf2-a|Q8AWF4 type=main;sp;;nuf2.L|A0A1L8GN20 type=main;tr
MultiName	cuedc2.L|A0A1L8FJY9 type=main;tr	cuedc2-b|Q68F60 type=main;sp;;cuedc2.L|A0A1L8FJY9 type=main;tr
MultiName	cdk14|Q6DJM7 type=main;sp	cdk14.L|A0A8J1KWZ9 type=additional;tr;;cdk14|Q6DJM7 type=main;sp
MultiName	glmp.L|A0A1L8FCZ8 type=main;tr	glmp-a|Q6AX53 type=main;sp;;glmp.L|A0A1L8FCZ8 type=main;tr
MultiName	bgn|Q9IB75 type=main;sp	bgn.L|B7FEW6 type=main;tr;;bgn|Q9IB75 type=main;sp
MultiName	cadm3|Q7ZXX1 type=main;sp	cadm3.S|A0A8J1LNU7 type=additional;tr;;cadm3|Q7ZXX1 type=main;sp
MultiName	cdk9.S|A0A8J1LNJ9 type=main;tr	cdk9-a|Q4V862 type=main;sp;;cdk9.S|A0A8J1LNJ9 type=main;tr
MultiName	slc30a8|Q5I020 type=main;sp	slc30a8.L|A0A8J1KZ20 type=main;tr;;slc30a8|Q5I020 type=main;sp
MultiName	slc25a40|Q6DFK2 type=main;sp	slc25a40.L|A0A8J1KVR0 type=main;tr;;slc25a40|Q6DFK2 type=main;sp
MultiName	runx1|Q6PF39 type=main;sp	runx1.L|A0A1L8HCI8 type=main;tr;;runx1|Q6PF39 type=main;sp
MultiName	ube2s.S|A0A1L8FGU1 type=main;tr	ube2s-b|Q8AVU2 type=main;sp;;ube2s.S|A0A1L8FGU1 type=main;tr
MultiName	mfsd6l.S|A0A1L8ENB2 type=main;tr	mfsd6l-a|Q68EU6 type=main;sp;;mfsd6l.S|A0A1L8ENB2 type=main;tr
MultiName	c9h2orf76.L|A0A1L8EV54 type=main;tr	NA|Q6DJH5 type=main;sp;;c9h2orf76.L|A0A1L8EV54 type=main;tr
MultiName	skic8|Q6GMD2 type=main;sp	skic8.L|A0A1L8HI18 type=main;tr;;skic8|Q6GMD2 type=main;sp
MultiName	cdpf1|A1L2W7 type=main;sp	cdpf1.L|A0A1L8GW40 type=main;tr;;cdpf1|A1L2W7 type=main;sp
MultiName	sephs1|Q6PF47 type=main;sp	sephs1.L|A0A1L8GZG9 type=main;tr;;sephs1|Q6PF47 type=main;sp
MultiName	slc20a1.L|A0A1L8H1N4 type=main;tr	slc20a1-b|Q6PB26 type=main;sp;;slc20a1.L|A0A1L8H1N4 type=main;tr
MultiName	midn.S|A0A1L8HN73 type=main;tr	midn-b|Q7ZWX9-2 type=additional;sp;;midn.S|A0A1L8HN73 type=main;tr
MultiName	st8sia1.L|A0A8J1MHS8 type=main;tr	st8sia1.L|A0A8J1MHS8 type=main;tr;;st8sia1|Q6ZXA0-2 type=additional;sp
MultiName	tab3.L|A0A1L8HGJ3 type=main;tr	map3k7ip3|Q7ZXH3 type=main;sp;;tab3.L|A0A1L8HGJ3 type=main;tr
MultiName	lmo3.S|A0A8J1MQ28 type=main;tr	lmo3.S|A0A8J1MQ28 type=main;tr;;lmo3|Q9YH16-2 type=additional;sp
MultiName	xenoxin1.L|B7ZR37 type=main;tr	xenoxin-1|Q09022 type=main;sp;;xenoxin1.L|B7ZR37 type=main;tr
MultiName	fgf1|Q6GLR6 type=main;sp	fgf1.L|A0A1L8GXF9 type=main;tr;;fgf1|Q6GLR6 type=main;sp
MultiName	h3c14.L|A0A1L8G0S1 type=main;tr	NA|P84233 type=main;sp;;h3c14.L|A0A1L8G0S1 type=main;tr
MultiName	psmc3.L|A0A8J0QHB7 type=main;tr	psmc3-a|O42587 type=main;sp;;psmc3.L|A0A8J0QHB7 type=main;tr
MultiName	rps20|P23403 type=main;sp	rps20.L|A0A1L8FZ13 type=main;tr;;rps20|P23403 type=main;sp
MultiName	hoxd1|Q08820 type=main;sp	hoxd1.S|A0A1L8EP93 type=main;tr;;hoxd1|Q08820 type=main;sp
MultiName	hand1|O73615 type=main;sp	hand1.L|B7ZRJ2 type=main;tr;;hand1|O73615 type=main;sp
MultiName	calm2-b|P0DP35 type=main;sp	calm1|P0DP33 type=main;sp;;calm2-a|P0DP34 type=main;sp;;calm2-b|P0DP35 type=main;sp
MultiName	agtr1.S|A0A1L8G4H9 type=main;tr	agtr1-b|P35373 type=main;sp;;agtr1.S|A0A1L8G4H9 type=main;tr
MultiName	cyct.L|A0A1L8EWA6 type=main;tr	cycs-b|Q6NTN0 type=main;sp;;cyct.L|A0A1L8EWA6 type=main;tr
MultiName	yif1b.S|A0A1L8F3S4 type=main;tr	yif1b-a|Q6GN58 type=main;sp;;yif1b.S|A0A1L8F3S4 type=main;tr
MultiName	nde1.S|A0A1L8EQ59 type=main;tr	nde1-b|Q6NRJ5 type=main;sp;;nde1.S|A0A1L8EQ59 type=main;tr
MultiName	crabp2|P50568 type=main;sp	crabp2.L|A0A1L8FCB0 type=main;tr;;crabp2|P50568 type=main;sp
MultiName	ins.S|A0A1L8GD41 type=main;tr	ins-a|P12706 type=main;sp;;ins.S|A0A1L8GD41 type=main;tr
MultiName	rbmx|Q6IRQ4 type=main;sp	rbmx.S|A0A1L8F3C0 type=additional;tr;;rbmx|Q6IRQ4 type=main;sp
MultiName	sptssb|Q66J05 type=main;sp	sptssb.L|A0A1L8GAP0 type=main;tr;;sptssb|Q66J05 type=main;sp
MultiName	rab19|Q32NQ0 type=main;sp	rab19.L|A0A1L8GW69 type=main;tr;;rab19|Q32NQ0 type=main;sp
MultiName	rbbp4.S|A0A310U4Z0 type=main;tr	rbbp4-b|Q6INH0 type=main;sp;;rbbp4.S|A0A310U4Z0 type=main;tr
MultiName	tdrp|Q5I019 type=main;sp	tdrp.L|A0A1L8GA41 type=main;tr;;tdrp|Q5I019 type=main;sp
MultiName	dcun1d3|Q6DFA1 type=main;sp	dcun1d3.L|A0A8J1LS78 type=additional;tr;;dcun1d3|Q6DFA1 type=main;sp
MultiName	zcrb1|Q6DJI9 type=main;sp	zcrb1.L|A0A1L8GYT0 type=main;tr;;zcrb1|Q6DJI9 type=main;sp
MultiName	tradd|Q32NG6 type=main;sp	tradd.L|A0A1L8GKL2 type=main;tr;;tradd|Q32NG6 type=main;sp
MultiName	slu7|Q3KQD1 type=main;sp	slu7.L|A0A1L8GX04 type=main;tr;;slu7|Q3KQD1 type=main;sp
MultiName	sox12|Q8AXQ4 type=main;sp	sox12.S|A0A1L8EKH1 type=main;tr;;sox12|Q8AXQ4 type=main;sp
MultiName	ube2i|P63282 type=main;sp	ube2i.L|A0A1L8EQE3 type=main;tr;;ube2i|P63282 type=main;sp
MultiName	tmem251-b|A0A1L8F0B0 type=main;tr	lyset-b|Q6GLZ9 type=main;sp;;tmem251-b|A0A1L8F0B0 type=main;tr
MultiName	serpinb5|Q6GLQ1 type=main;sp	serpinb5.S|A0A1L8FS92 type=main;tr;;serpinb5|Q6GLQ1 type=main;sp
MultiName	nat8.6.S|A9JS61 type=main;tr	cml|Q9I8W5 type=main;sp;;nat8.6.S|A9JS61 type=main;tr
MultiName	foxa1.L|A0A1L8FAN2 type=main;tr	foxa1-a|Q6LD29 type=main;sp;;foxa1.L|A0A1L8FAN2 type=main;tr
MultiName	ralb.L|A0A1L8EVG4 type=main;tr	ralb-a|Q9YH09 type=main;sp;;ralb.L|A0A1L8EVG4 type=main;tr
MultiName	grik2|Q91755 type=main;sp	grik2.S|A0A8J1KUX5 type=main;tr;;grik2|Q91755 type=main;sp
MultiName	sdc2.S|A0A1L8FTJ5 type=additional;tr	sdc2-b|Q6GR51 type=main;sp;;sdc2.S|A0A1L8FTJ5 type=additional;tr
MultiName	gnrh1|P45656 type=main;sp	gnrh1.L|A0A1L8H1T9 type=main;tr;;gnrh1|P45656 type=main;sp
MultiName	sympk|Q7ZYV9 type=main;sp	sympk.S|A0A1L8F3F9 type=main;tr;;sympk|Q7ZYV9 type=main;sp
MultiName	foxd5-c|Q9PT67 type=main;sp	foxd4l1.2.L|B7ZPB6 type=additional;tr;;foxd5-c|Q9PT67 type=main;sp
MultiName	sumo3|Q7SZ22 type=main;sp	sumo3.L|A0A8J1LST0 type=additional;tr;;sumo3|Q7SZ22 type=main;sp
MultiName	nxnl1|Q68EV9 type=main;sp	nxnl1.L|A0A1L8H2Q9 type=main;tr;;nxnl1|Q68EV9 type=main;sp
MultiName	clip3|Q5U243 type=main;sp	clip3.S|A0A1L8F405 type=main;tr;;clip3|Q5U243 type=main;sp
MultiName	atpsckmt|Q5I047 type=main;sp	atpsckmt.S|A0A8J1L0S1 type=main;tr;;atpsckmt|Q5I047 type=main;sp
MultiName	septin2.L|B7ZR20 type=main;tr	sept2-a|Q9DE33 type=main;sp;;septin2.L|B7ZR20 type=main;tr
MultiName	hnrnpa2b1.L|Q3KPP1 type=main;tr	NA|P51990-2 type=additional;sp;;hnrnpa2b1.L|Q3KPP1 type=main;tr
MultiName	znrf3|Q4KLR8 type=main;sp	znrf3.S|A0A8J1LTF7 type=additional;tr;;znrf3|Q4KLR8 type=main;sp
MultiName	chchd7|Q2TAP8 type=main;sp	chchd7.L|A0A1L8FZ59 type=main;tr;;chchd7|Q2TAP8 type=main;sp
MultiName	b3gnt5.S|A0A8J1KRM8 type=main;tr	b3gnt5-b|Q6DE15 type=main;sp;;b3gnt5.S|A0A8J1KRM8 type=main;tr
MultiName	dyrk1a|Q2TAE3 type=main;sp	dyrk1a.S|A0A8J1MBZ3 type=main;tr;;dyrk1a|Q2TAE3 type=main;sp
MultiName	pdik1l.S|A0A1L8H7D6 type=main;tr	pdik1-a|Q6NU47 type=main;sp;;pdik1l.S|A0A1L8H7D6 type=main;tr
MultiName	phf23.L|A0A1L8H4M0 type=main;tr	phf23-a|Q5HZN9 type=main;sp;;phf23.L|A0A1L8H4M0 type=main;tr
MultiName	xt6l.L|A0A8J1KV93 type=main;tr	NA|P05224 type=main;sp;;xt6l.L|A0A8J1KV93 type=main;tr
MultiName	timp3|O73746 type=main;sp	timp3.L|A0A8J1MKB9 type=main;tr;;timp3|O73746 type=main;sp
MultiName	taok2|Q6GPK9 type=main;sp	taok2.L|A0A8J1LQL0 type=additional;tr;;taok2|Q6GPK9 type=main;sp
MultiName	ngf|P21617 type=main;sp	ngf.S|A0A1L8H6A4 type=additional;tr;;ngf|P21617 type=main;sp
MultiName	gtf2e2|P29540 type=main;sp	gtf2e2.L|A0A1L8HVE9 type=main;tr;;gtf2e2|P29540 type=main;sp
MultiName	msantd3|Q7ZYM8 type=main;sp	msantd3.L|A0A8J1KY68 type=additional;tr;;msantd3|Q7ZYM8 type=main;sp
MultiName	otx5-a|Q9PVM0 type=main;sp	crx.S|A0A1L8F3X7 type=main;tr;;otx5-a|Q9PVM0 type=main;sp
MultiName	LOC121398080|A0A310TM08 type=main;tr	LOC121398080|A0A310TM08 type=main;tr;;NA|P06900 type=main;sp
MultiName	flrt3|Q70AK3 type=main;sp	flrt3.S|A0A1L8G0P7 type=main;tr;;flrt3|Q70AK3 type=main;sp
MultiName	slc32a1|Q6PF45 type=main;sp	slc32a1.S|A0A1L8EMI6 type=main;tr;;slc32a1|Q6PF45 type=main;sp
MultiName	irf2bp2|Q7ZXS3 type=main;sp	irf2bp2.L|A0A1L8G830 type=main;tr;;irf2bp2|Q7ZXS3 type=main;sp
MultiName	tmem255a|Q66IQ1 type=main;sp	tmem255a.L|A0A1L8F762 type=main;tr;;tmem255a|Q66IQ1 type=main;sp
MultiName	gkap1.L|A0A310TMK0 type=main;tr	gkap1-a|Q6GNQ4 type=main;sp;;gkap1.L|A0A310TMK0 type=main;tr
MultiName	slc25a24.S|A0A1L8GGI7 type=main;tr	slc25a24-b|Q7T0U6 type=main;sp;;slc25a24.S|A0A1L8GGI7 type=main;tr
MultiName	timmdc1|Q5XK94 type=main;sp	timmdc1.L|A0A1L8HBR3 type=main;tr;;timmdc1|Q5XK94 type=main;sp
MultiName	pax2-b|O57682 type=main;sp	LOC108697493|A0A8J1LBX0 type=additional;tr;;pax2-b|O57682 type=main;sp
MultiName	gabarapl1|Q6GQ27 type=main;sp	gabarapl1.S|A0A1L8FEA0 type=main;tr;;gabarapl1|Q6GQ27 type=main;sp
MultiName	gins4|Q7ZT48 type=main;sp	gins4.L|A0A8J1MGY0 type=main;tr;;gins4|Q7ZT48 type=main;sp
MultiName	clvs1|Q5M7E1 type=main;sp	clvs1.L|A0A1L8FZ40 type=main;tr;;clvs1|Q5M7E1 type=main;sp
MultiName	arid3a|Q6GQD7 type=main;sp	arid3a.S|A0A1L8HN87 type=main;tr;;arid3a|Q6GQD7 type=main;sp
MultiName	prmt1.S|A0A1L8FH03 type=main;tr	prmt1-a|Q8AV13-2 type=additional;sp;;prmt1.S|A0A1L8FH03 type=main;tr
MultiName	cnep1r1|Q7ZY85 type=main;sp	cnep1r1.S|A0A8J1MWA3 type=additional;tr;;cnep1r1|Q7ZY85 type=main;sp
MultiName	pkmyt1|Q91618 type=main;sp	pkmyt1.S|A0A1L8ER94 type=main;tr;;pkmyt1|Q91618 type=main;sp
MultiName	mpv17|Q66GV0 type=main;sp	mpv17.L|A0A8J1KQP9 type=main;tr;;mpv17|Q66GV0 type=main;sp
MultiName	bmt2|Q66J91 type=main;sp	bmt2.L|A0A1L8GYV9 type=main;tr;;bmt2|Q66J91 type=main;sp
MultiName	slc17a7|Q6INC8 type=main;sp	slc17a7.S|A0A1L8FH30 type=main;tr;;slc17a7|Q6INC8 type=main;sp
MultiName	tnfaip1|Q5EAX2 type=main;sp	tnfaip1.L|A0A8J1M8W6 type=main;tr;;tnfaip1|Q5EAX2 type=main;sp
MultiName	macir|Q6DFB0 type=main;sp	macir.L|A0A1L8I1M2 type=additional;tr;;macir|Q6DFB0 type=main;sp
MultiName	sp8|Q5XGT8 type=main;sp	sp8.L|A0A1L8FVZ9 type=additional;tr;;sp8|Q5XGT8 type=main;sp
MultiName	fzd7.L|A0A1L8EX17 type=main;tr	fzd7-a|Q9PUK8 type=main;sp;;fzd7.L|A0A1L8EX17 type=main;tr
MultiName	tes|Q7ZXE9 type=main;sp	tes.L|A0A1L8GYW8 type=main;tr;;tes|Q7ZXE9 type=main;sp
MultiName	mrpl51|Q66KZ3 type=main;sp	mrpl51.L|A0A8J1L4V3 type=additional;tr;;mrpl51|Q66KZ3 type=main;sp
MultiName	twsg1.S|A0A1L8FSP6 type=main;tr	twsg1-a|Q98T88 type=main;sp;;twsg1.S|A0A1L8FSP6 type=main;tr
MultiName	batf|A1L2X1 type=main;sp	batf.L|A0A1L8F9C6 type=main;tr;;batf|A1L2X1 type=main;sp
MultiName	ift57|A9ULY7 type=main;sp	ift57.S|A0A1L8H8C7 type=main;tr;;ift57|A9ULY7 type=main;sp
MultiName	grb2.S|A0A1L8EMZ6 type=main;tr	grb2-b|Q6GPJ9 type=main;sp;;grb2.S|A0A1L8EMZ6 type=main;tr
MultiName	zbtb18|Q801P1 type=main;sp	zbtb18.L|A0A8J1KL24 type=additional;tr;;zbtb18|Q801P1 type=main;sp
MultiName	shc1|Q8AY68 type=main;sp	shc1.L|A0A8J1LEC8 type=additional;tr;;shc1|Q8AY68 type=main;sp
MultiName	pgla.S|A0A8J1KWT9 type=main;tr	pgla-a|Q99134 type=main;sp;;pgla.S|A0A8J1KWT9 type=main;tr
MultiName	tmem150a|Q6GPL4 type=main;sp	tmem150a.L|A0A1L8H1L9 type=main;tr;;tmem150a|Q6GPL4 type=main;sp
MultiName	spc25|Q6SKR5 type=main;sp	spc25.L|A0A1L8F9J1 type=main;tr;;spc25|Q6SKR5 type=main;sp
MultiName	h2ax.S|A0A8J1MSH7 type=main;tr	NA|P06897 type=main;sp;;h2ax.S|A0A8J1MSH7 type=main;tr
MultiName	lamtor2.S|A0A1L8F4K6 type=main;tr	lamtor2-b|Q7ZXB7 type=main;sp;;lamtor2.S|A0A1L8F4K6 type=main;tr
MultiName	chmp3|Q6NRM7 type=main;sp	chmp3.S|A0A1L8HKM4 type=main;tr;;chmp3|Q6NRM7 type=main;sp
MultiName	ncl|P20397 type=main;sp	ncl.L|A0A8J0QFT1 type=main;tr;;ncl|P20397 type=main;sp
MultiName	itpk1|Q7SY78 type=main;sp	itpk1.L|A0A1L8F9J8 type=additional;tr;;itpk1|Q7SY78 type=main;sp
MultiName	dram1|Q6NRS6 type=main;sp	dram1.L|A0A8J1MKD5 type=additional;tr;;dram1|Q6NRS6 type=main;sp
MultiName	ift20.S|A0A1L8H621 type=main;tr	ift20-b|Q640Z7 type=main;sp;;ift20.S|A0A1L8H621 type=main;tr
MultiName	rbm18|Q66J99 type=main;sp	rbm18.L|A0A1L8F6J1 type=additional;tr;;rbm18|Q66J99 type=main;sp
MultiName	smpd4|Q5XHG1 type=main;sp	smpd4.L|A0A8J1M9R9 type=additional;tr;;smpd4|Q5XHG1 type=main;sp
MultiName	tbp|P27633 type=main;sp	tbp.L|A0A8J1KL78 type=main;tr;;tbp|P27633 type=main;sp
MultiName	tbx2.S|A0A8J1MB29 type=main;tr	tbx2-b|Q6PCL0 type=main;sp;;tbx2.S|A0A8J1MB29 type=main;tr
MultiName	coro2b|Q6DJD8 type=main;sp	coro2b.L|A0A8J1MJ09 type=additional;tr;;coro2b|Q6DJD8 type=main;sp
MultiName	isyna1.L|A0A1L8HX55 type=main;tr	isyna1-b|Q6DDT1 type=main;sp;;isyna1.L|A0A1L8HX55 type=main;tr
MultiName	med27.L|A0A8J1LH52 type=main;tr	med27-a|Q642Q3 type=main;sp;;med27.L|A0A8J1LH52 type=main;tr
MultiName	h3-3b.L|A0A1L8EMY5 type=main;tr	NA|Q6PI79 type=main;sp;;h3-3b.L|A0A1L8EMY5 type=main;tr
MultiName	rag2|Q91830 type=main;sp	rag2.S|A0A1L8GDK5 type=main;tr;;rag2|Q91830 type=main;sp
MultiName	lmnb3.L|A0A1L8H0P1 type=main;tr	NA|P10999-2 type=additional;sp;;lmnb3.L|A0A1L8H0P1 type=main;tr
MultiName	cwc15.L|A0A1L8HJA4 type=main;tr	cwc15-b|Q6DKE6 type=main;sp;;cwc15.L|A0A1L8HJA4 type=main;tr
MultiName	lzts2|Q5U4W1 type=main;sp	LOC108697425|A0A1L8FEK6 type=additional;tr;;lzts2|Q5U4W1 type=main;sp
MultiName	vps29|Q6GP62 type=main;sp	vps29.S|A0A1L8I129 type=additional;tr;;vps29|Q6GP62 type=main;sp
MultiName	pdcd6ip.L|B7ZQZ0 type=main;tr	pdcd6ip.L|B7ZQZ0 type=main;tr;;pdcd6ip|Q9W6C5-2 type=additional;sp
Duplicate	qki.S|Q32NN2-2 type=additional;sp	qki.S|A0A1L8G2F2 type=additional;tr;;qki.S|Q32NN2-2 type=additional;sp
MultiName	pum1.S|A0A8J1MC52 type=additional;tr	pum1.S|A0A8J1MC52 type=additional;tr;;pum1|Q66KI6-2 type=additional;sp
MultiName	celf2.L|A0A8J1MGH2 type=additional;tr	celf2.L|A0A8J1MGH2 type=additional;tr;;celf2|Q7ZXE2-2 type=additional;sp
MultiName	cxcl12.L|A0A1L8FKT2 type=additional;tr	cxcl12.L|A0A1L8FKT2 type=additional;tr;;cxcl12|Q8UUJ9-2 type=additional;sp
MultiName	tent2.L|A0A8J1M577 type=additional;tr	tent2-b|Q6DFA8-2 type=additional;sp;;tent2.L|A0A8J1M577 type=additional;tr
MultiName	grb2.L|B7ZQN4 type=additional;tr	grb2-a|P87379-2 type=additional;sp;;grb2.L|B7ZQN4 type=additional;tr
MultiName	max.S|A0A8J1LMP2 type=additional;tr	max.S|A0A8J1LMP2 type=additional;tr;;max|Q07016-3 type=additional;sp
#total seq: 61911
#total nr seq: 61685
#unique seq: 61460, redundant seq:225
